Loading configuration file outputs/cycle-2-v3/train_config.yaml
Loading pretrained model

Fetching 6 files:   0%|          | 0/6 [00:00<?, ?it/s]
Fetching 6 files: 100%|██████████| 6/6 [00:00<00:00, 9300.01it/s]
Loading datasets
Training
Loading fine-tuned weights from outputs/cycle-1-v3/adapters.safetensors
Trainable parameters: 0.865% (27.787M/3212.750M)
Starting training..., iters: 932

Calculating loss...:   0%|          | 0/25 [00:00<?, ?it/s]
Calculating loss...:   4%|▍         | 1/25 [00:01<00:24,  1.03s/it]
Calculating loss...:   8%|▊         | 2/25 [00:01<00:20,  1.12it/s]
Calculating loss...:  12%|█▏        | 3/25 [00:02<00:20,  1.09it/s]
Calculating loss...:  16%|█▌        | 4/25 [00:03<00:19,  1.08it/s]
Calculating loss...:  20%|██        | 5/25 [00:04<00:18,  1.08it/s]
Calculating loss...:  24%|██▍       | 6/25 [00:05<00:17,  1.09it/s]
Calculating loss...:  28%|██▊       | 7/25 [00:06<00:16,  1.07it/s]
Calculating loss...:  32%|███▏      | 8/25 [00:07<00:15,  1.08it/s]
Calculating loss...:  36%|███▌      | 9/25 [00:08<00:13,  1.17it/s]
Calculating loss...:  40%|████      | 10/25 [00:09<00:13,  1.12it/s]
Calculating loss...:  44%|████▍     | 11/25 [00:09<00:12,  1.17it/s]
Calculating loss...:  48%|████▊     | 12/25 [00:10<00:11,  1.18it/s]
Calculating loss...:  52%|█████▏    | 13/25 [00:11<00:10,  1.19it/s]
Calculating loss...:  56%|█████▌    | 14/25 [00:12<00:10,  1.06it/s]
Calculating loss...:  60%|██████    | 15/25 [00:13<00:09,  1.06it/s]
Calculating loss...:  64%|██████▍   | 16/25 [00:14<00:08,  1.12it/s]
Calculating loss...:  68%|██████▊   | 17/25 [00:15<00:07,  1.11it/s]
Calculating loss...:  72%|███████▏  | 18/25 [00:16<00:06,  1.16it/s]
Calculating loss...:  76%|███████▌  | 19/25 [00:16<00:04,  1.25it/s]
Calculating loss...:  80%|████████  | 20/25 [00:17<00:04,  1.10it/s]
Calculating loss...:  84%|████████▍ | 21/25 [00:18<00:03,  1.09it/s]
Calculating loss...:  88%|████████▊ | 22/25 [00:19<00:02,  1.15it/s]
Calculating loss...:  92%|█████████▏| 23/25 [00:20<00:01,  1.12it/s]
Calculating loss...:  96%|█████████▌| 24/25 [00:21<00:00,  1.10it/s]
Calculating loss...: 100%|██████████| 25/25 [00:22<00:00,  1.16it/s]
Calculating loss...: 100%|██████████| 25/25 [00:22<00:00,  1.12it/s]
Iter 1: Val loss 0.071, Val took 22.288s
Iter 10: Train loss 0.071, Learning Rate 1.000e-05, It/sec 0.550, Tokens/sec 281.458, Trained Tokens 5118, Peak mem 6.503 GB
Iter 20: Train loss 0.069, Learning Rate 1.000e-05, It/sec 0.534, Tokens/sec 281.960, Trained Tokens 10403, Peak mem 6.551 GB
Iter 30: Train loss 0.071, Learning Rate 1.000e-05, It/sec 0.563, Tokens/sec 280.542, Trained Tokens 15387, Peak mem 6.551 GB
Iter 40: Train loss 0.069, Learning Rate 1.000e-05, It/sec 0.599, Tokens/sec 284.007, Trained Tokens 20127, Peak mem 6.551 GB

Calculating loss...:   0%|          | 0/25 [00:00<?, ?it/s]
Calculating loss...:   4%|▍         | 1/25 [00:00<00:23,  1.03it/s]
Calculating loss...:   8%|▊         | 2/25 [00:01<00:22,  1.01it/s]
Calculating loss...:  12%|█▏        | 3/25 [00:03<00:24,  1.10s/it]
Calculating loss...:  16%|█▌        | 4/25 [00:04<00:21,  1.04s/it]
Calculating loss...:  20%|██        | 5/25 [00:05<00:21,  1.09s/it]
Calculating loss...:  24%|██▍       | 6/25 [00:06<00:19,  1.04s/it]
Calculating loss...:  28%|██▊       | 7/25 [00:06<00:16,  1.09it/s]
Calculating loss...:  32%|███▏      | 8/25 [00:07<00:15,  1.08it/s]
Calculating loss...:  36%|███▌      | 9/25 [00:08<00:14,  1.12it/s]
Calculating loss...:  40%|████      | 10/25 [00:09<00:12,  1.16it/s]
Calculating loss...:  44%|████▍     | 11/25 [00:10<00:12,  1.16it/s]
Calculating loss...:  48%|████▊     | 12/25 [00:11<00:10,  1.18it/s]
Calculating loss...:  52%|█████▏    | 13/25 [00:12<00:10,  1.18it/s]
Calculating loss...:  56%|█████▌    | 14/25 [00:13<00:10,  1.08it/s]
Calculating loss...:  60%|██████    | 15/25 [00:14<00:10,  1.04s/it]
Calculating loss...:  64%|██████▍   | 16/25 [00:15<00:08,  1.02it/s]
Calculating loss...:  68%|██████▊   | 17/25 [00:16<00:07,  1.01it/s]
Calculating loss...:  72%|███████▏  | 18/25 [00:17<00:06,  1.08it/s]
Calculating loss...:  76%|███████▌  | 19/25 [00:18<00:05,  1.07it/s]
Calculating loss...:  80%|████████  | 20/25 [00:18<00:04,  1.09it/s]
Calculating loss...:  84%|████████▍ | 21/25 [00:19<00:03,  1.08it/s]
Calculating loss...:  88%|████████▊ | 22/25 [00:20<00:02,  1.17it/s]
Calculating loss...:  92%|█████████▏| 23/25 [00:21<00:01,  1.21it/s]
Calculating loss...:  96%|█████████▌| 24/25 [00:21<00:00,  1.28it/s]
Calculating loss...: 100%|██████████| 25/25 [00:22<00:00,  1.34it/s]
Calculating loss...: 100%|██████████| 25/25 [00:22<00:00,  1.10it/s]
Iter 50: Val loss 0.077, Val took 22.662s
Iter 50: Train loss 0.070, Learning Rate 1.000e-05, It/sec 0.520, Tokens/sec 281.666, Trained Tokens 25543, Peak mem 6.551 GB
Iter 50: Saved adapter weights to outputs/cycle-2-v3/adapters.safetensors and outputs/cycle-2-v3/0000050_adapters.safetensors.
Iter 60: Train loss 0.073, Learning Rate 1.000e-05, It/sec 0.612, Tokens/sec 288.524, Trained Tokens 30254, Peak mem 6.551 GB
Iter 70: Train loss 0.068, Learning Rate 1.000e-05, It/sec 0.547, Tokens/sec 285.764, Trained Tokens 35478, Peak mem 6.663 GB
Iter 80: Train loss 0.073, Learning Rate 1.000e-05, It/sec 0.531, Tokens/sec 259.249, Trained Tokens 40356, Peak mem 6.663 GB
Iter 90: Train loss 0.069, Learning Rate 1.000e-05, It/sec 0.474, Tokens/sec 256.066, Trained Tokens 45753, Peak mem 6.663 GB

Calculating loss...:   0%|          | 0/25 [00:00<?, ?it/s]
Calculating loss...:   4%|▍         | 1/25 [00:01<00:25,  1.05s/it]
Calculating loss...:   8%|▊         | 2/25 [00:01<00:20,  1.10it/s]
Calculating loss...:  12%|█▏        | 3/25 [00:02<00:18,  1.16it/s]
Calculating loss...:  16%|█▌        | 4/25 [00:03<00:19,  1.10it/s]
Calculating loss...:  20%|██        | 5/25 [00:04<00:17,  1.11it/s]
Calculating loss...:  24%|██▍       | 6/25 [00:05<00:19,  1.03s/it]
Calculating loss...:  28%|██▊       | 7/25 [00:07<00:20,  1.12s/it]
Calculating loss...:  32%|███▏      | 8/25 [00:07<00:17,  1.02s/it]
Calculating loss...:  36%|███▌      | 9/25 [00:08<00:15,  1.02it/s]
Calculating loss...:  40%|████      | 10/25 [00:09<00:13,  1.08it/s]
Calculating loss...:  44%|████▍     | 11/25 [00:10<00:12,  1.12it/s]
Calculating loss...:  48%|████▊     | 12/25 [00:11<00:12,  1.07it/s]
Calculating loss...:  52%|█████▏    | 13/25 [00:12<00:10,  1.11it/s]
Calculating loss...:  56%|█████▌    | 14/25 [00:13<00:10,  1.07it/s]
Calculating loss...:  60%|██████    | 15/25 [00:14<00:08,  1.16it/s]
Calculating loss...:  64%|██████▍   | 16/25 [00:15<00:08,  1.01it/s]
Calculating loss...:  68%|██████▊   | 17/25 [00:16<00:07,  1.02it/s]
Calculating loss...:  72%|███████▏  | 18/25 [00:17<00:06,  1.08it/s]
Calculating loss...:  76%|███████▌  | 19/25 [00:17<00:05,  1.08it/s]
Calculating loss...:  80%|████████  | 20/25 [00:18<00:04,  1.06it/s]
Calculating loss...:  84%|████████▍ | 21/25 [00:20<00:04,  1.03s/it]
Calculating loss...:  88%|████████▊ | 22/25 [00:21<00:02,  1.02it/s]
Calculating loss...:  92%|█████████▏| 23/25 [00:22<00:01,  1.02it/s]
Calculating loss...:  96%|█████████▌| 24/25 [00:23<00:00,  1.02it/s]
Calculating loss...: 100%|██████████| 25/25 [00:24<00:00,  1.08s/it]
Calculating loss...: 100%|██████████| 25/25 [00:24<00:00,  1.03it/s]
Iter 100: Val loss 0.069, Val took 24.342s
Iter 100: Train loss 0.068, Learning Rate 1.000e-05, It/sec 0.493, Tokens/sec 263.121, Trained Tokens 51087, Peak mem 6.663 GB
Iter 100: Saved adapter weights to outputs/cycle-2-v3/adapters.safetensors and outputs/cycle-2-v3/0000100_adapters.safetensors.
Iter 110: Train loss 0.067, Learning Rate 1.000e-05, It/sec 0.594, Tokens/sec 267.409, Trained Tokens 55588, Peak mem 6.663 GB
Iter 120: Train loss 0.073, Learning Rate 1.000e-05, It/sec 0.547, Tokens/sec 270.988, Trained Tokens 60542, Peak mem 6.663 GB
Iter 130: Train loss 0.066, Learning Rate 1.000e-05, It/sec 0.530, Tokens/sec 285.873, Trained Tokens 65932, Peak mem 6.663 GB
Iter 140: Train loss 0.066, Learning Rate 1.000e-05, It/sec 0.575, Tokens/sec 290.108, Trained Tokens 70981, Peak mem 6.663 GB

Calculating loss...:   0%|          | 0/25 [00:00<?, ?it/s]
Calculating loss...:   4%|▍         | 1/25 [00:00<00:18,  1.30it/s]
Calculating loss...:   8%|▊         | 2/25 [00:01<00:17,  1.30it/s]
Calculating loss...:  12%|█▏        | 3/25 [00:02<00:19,  1.14it/s]
Calculating loss...:  16%|█▌        | 4/25 [00:03<00:17,  1.19it/s]
Calculating loss...:  20%|██        | 5/25 [00:04<00:16,  1.23it/s]
Calculating loss...:  24%|██▍       | 6/25 [00:04<00:14,  1.31it/s]
Calculating loss...:  28%|██▊       | 7/25 [00:05<00:14,  1.25it/s]
Calculating loss...:  32%|███▏      | 8/25 [00:06<00:15,  1.09it/s]
Calculating loss...:  36%|███▌      | 9/25 [00:07<00:14,  1.10it/s]
Calculating loss...:  40%|████      | 10/25 [00:08<00:12,  1.16it/s]
Calculating loss...:  44%|████▍     | 11/25 [00:09<00:11,  1.20it/s]
Calculating loss...:  48%|████▊     | 12/25 [00:10<00:11,  1.18it/s]
Calculating loss...:  52%|█████▏    | 13/25 [00:11<00:11,  1.04it/s]
Calculating loss...:  56%|█████▌    | 14/25 [00:11<00:09,  1.15it/s]
Calculating loss...:  60%|██████    | 15/25 [00:13<00:09,  1.02it/s]
Calculating loss...:  64%|██████▍   | 16/25 [00:14<00:08,  1.04it/s]
Calculating loss...:  68%|██████▊   | 17/25 [00:14<00:07,  1.10it/s]
Calculating loss...:  72%|███████▏  | 18/25 [00:15<00:06,  1.16it/s]
Calculating loss...:  76%|███████▌  | 19/25 [00:16<00:05,  1.15it/s]
Calculating loss...:  80%|████████  | 20/25 [00:17<00:04,  1.24it/s]
Calculating loss...:  84%|████████▍ | 21/25 [00:18<00:03,  1.09it/s]
Calculating loss...:  88%|████████▊ | 22/25 [00:19<00:02,  1.09it/s]
Calculating loss...:  92%|█████████▏| 23/25 [00:20<00:01,  1.14it/s]
Calculating loss...:  96%|█████████▌| 24/25 [00:20<00:00,  1.18it/s]
Calculating loss...: 100%|██████████| 25/25 [00:22<00:00,  1.06it/s]
Calculating loss...: 100%|██████████| 25/25 [00:22<00:00,  1.13it/s]
Iter 150: Val loss 0.072, Val took 22.049s
Iter 150: Train loss 0.074, Learning Rate 1.000e-05, It/sec 0.593, Tokens/sec 291.698, Trained Tokens 75901, Peak mem 6.663 GB
Iter 150: Saved adapter weights to outputs/cycle-2-v3/adapters.safetensors and outputs/cycle-2-v3/0000150_adapters.safetensors.
Iter 160: Train loss 0.065, Learning Rate 1.000e-05, It/sec 0.540, Tokens/sec 287.393, Trained Tokens 81228, Peak mem 6.663 GB
Iter 170: Train loss 0.066, Learning Rate 1.000e-05, It/sec 0.586, Tokens/sec 289.675, Trained Tokens 86175, Peak mem 6.663 GB
Iter 180: Train loss 0.072, Learning Rate 1.000e-05, It/sec 0.570, Tokens/sec 287.101, Trained Tokens 91211, Peak mem 6.663 GB
Iter 190: Train loss 0.067, Learning Rate 1.000e-05, It/sec 0.557, Tokens/sec 285.833, Trained Tokens 96342, Peak mem 6.663 GB

Calculating loss...:   0%|          | 0/25 [00:00<?, ?it/s]
Calculating loss...:   4%|▍         | 1/25 [00:00<00:20,  1.18it/s]
Calculating loss...:   8%|▊         | 2/25 [00:02<00:23,  1.04s/it]
Calculating loss...:  12%|█▏        | 3/25 [00:02<00:20,  1.09it/s]
Calculating loss...:  16%|█▌        | 4/25 [00:03<00:18,  1.16it/s]
Calculating loss...:  20%|██        | 5/25 [00:04<00:19,  1.01it/s]
Calculating loss...:  24%|██▍       | 6/25 [00:05<00:17,  1.07it/s]
Calculating loss...:  28%|██▊       | 7/25 [00:06<00:15,  1.14it/s]
Calculating loss...:  32%|███▏      | 8/25 [00:07<00:15,  1.11it/s]
Calculating loss...:  36%|███▌      | 9/25 [00:08<00:14,  1.10it/s]
Calculating loss...:  40%|████      | 10/25 [00:09<00:13,  1.08it/s]
Calculating loss...:  44%|████▍     | 11/25 [00:10<00:13,  1.00it/s]
Calculating loss...:  48%|████▊     | 12/25 [00:11<00:13,  1.07s/it]
Calculating loss...:  52%|█████▏    | 13/25 [00:12<00:12,  1.05s/it]
Calculating loss...:  56%|█████▌    | 14/25 [00:13<00:10,  1.04it/s]
Calculating loss...:  60%|██████    | 15/25 [00:14<00:09,  1.11it/s]
Calculating loss...:  64%|██████▍   | 16/25 [00:14<00:07,  1.20it/s]
Calculating loss...:  68%|██████▊   | 17/25 [00:15<00:07,  1.07it/s]
Calculating loss...:  72%|███████▏  | 18/25 [00:16<00:06,  1.13it/s]
Calculating loss...:  76%|███████▌  | 19/25 [00:17<00:05,  1.13it/s]
Calculating loss...:  80%|████████  | 20/25 [00:18<00:04,  1.15it/s]
Calculating loss...:  84%|████████▍ | 21/25 [00:19<00:03,  1.24it/s]
Calculating loss...:  88%|████████▊ | 22/25 [00:20<00:02,  1.09it/s]
Calculating loss...:  92%|█████████▏| 23/25 [00:21<00:01,  1.13it/s]
Calculating loss...:  96%|█████████▌| 24/25 [00:21<00:00,  1.15it/s]
Calculating loss...: 100%|██████████| 25/25 [00:22<00:00,  1.12it/s]
Calculating loss...: 100%|██████████| 25/25 [00:22<00:00,  1.09it/s]
Iter 200: Val loss 0.067, Val took 22.902s
Iter 200: Train loss 0.062, Learning Rate 1.000e-05, It/sec 0.548, Tokens/sec 287.774, Trained Tokens 101591, Peak mem 6.663 GB
Iter 200: Saved adapter weights to outputs/cycle-2-v3/adapters.safetensors and outputs/cycle-2-v3/0000200_adapters.safetensors.
Iter 210: Train loss 0.065, Learning Rate 1.000e-05, It/sec 0.564, Tokens/sec 289.123, Trained Tokens 106715, Peak mem 6.663 GB
Iter 220: Train loss 0.072, Learning Rate 1.000e-05, It/sec 0.565, Tokens/sec 287.485, Trained Tokens 111800, Peak mem 6.663 GB
Iter 230: Train loss 0.054, Learning Rate 1.000e-05, It/sec 0.533, Tokens/sec 286.930, Trained Tokens 117183, Peak mem 6.663 GB
Iter 240: Train loss 0.067, Learning Rate 1.000e-05, It/sec 0.613, Tokens/sec 286.294, Trained Tokens 121855, Peak mem 6.663 GB

Calculating loss...:   0%|          | 0/25 [00:00<?, ?it/s]
Calculating loss...:   4%|▍         | 1/25 [00:00<00:18,  1.28it/s]
Calculating loss...:   8%|▊         | 2/25 [00:01<00:19,  1.18it/s]
Calculating loss...:  12%|█▏        | 3/25 [00:02<00:19,  1.12it/s]
Calculating loss...:  16%|█▌        | 4/25 [00:03<00:21,  1.02s/it]
Calculating loss...:  20%|██        | 5/25 [00:04<00:18,  1.07it/s]
Calculating loss...:  24%|██▍       | 6/25 [00:05<00:17,  1.11it/s]
Calculating loss...:  28%|██▊       | 7/25 [00:06<00:18,  1.01s/it]
Calculating loss...:  32%|███▏      | 8/25 [00:07<00:18,  1.06s/it]
Calculating loss...:  36%|███▌      | 9/25 [00:08<00:15,  1.07it/s]
Calculating loss...:  40%|████      | 10/25 [00:09<00:13,  1.13it/s]
Calculating loss...:  44%|████▍     | 11/25 [00:10<00:11,  1.18it/s]
Calculating loss...:  48%|████▊     | 12/25 [00:10<00:10,  1.21it/s]
Calculating loss...:  52%|█████▏    | 13/25 [00:12<00:11,  1.06it/s]
Calculating loss...:  56%|█████▌    | 14/25 [00:12<00:10,  1.09it/s]
Calculating loss...:  60%|██████    | 15/25 [00:14<00:10,  1.01s/it]
Calculating loss...:  64%|██████▍   | 16/25 [00:15<00:08,  1.01it/s]
Calculating loss...:  68%|██████▊   | 17/25 [00:15<00:07,  1.07it/s]
Calculating loss...:  72%|███████▏  | 18/25 [00:16<00:06,  1.06it/s]
Calculating loss...:  76%|███████▌  | 19/25 [00:17<00:05,  1.12it/s]
Calculating loss...:  80%|████████  | 20/25 [00:18<00:04,  1.10it/s]
Calculating loss...:  84%|████████▍ | 21/25 [00:19<00:03,  1.15it/s]
Calculating loss...:  88%|████████▊ | 22/25 [00:20<00:02,  1.12it/s]
Calculating loss...:  92%|█████████▏| 23/25 [00:21<00:01,  1.14it/s]
Calculating loss...:  96%|█████████▌| 24/25 [00:22<00:00,  1.11it/s]
Calculating loss...: 100%|██████████| 25/25 [00:22<00:00,  1.11it/s]
Calculating loss...: 100%|██████████| 25/25 [00:22<00:00,  1.09it/s]
Iter 250: Val loss 0.061, Val took 22.991s
Iter 250: Train loss 0.066, Learning Rate 1.000e-05, It/sec 0.604, Tokens/sec 289.174, Trained Tokens 126644, Peak mem 6.663 GB
Iter 250: Saved adapter weights to outputs/cycle-2-v3/adapters.safetensors and outputs/cycle-2-v3/0000250_adapters.safetensors.
Iter 260: Train loss 0.059, Learning Rate 1.000e-05, It/sec 0.634, Tokens/sec 292.545, Trained Tokens 131261, Peak mem 6.663 GB
Iter 270: Train loss 0.067, Learning Rate 1.000e-05, It/sec 0.657, Tokens/sec 290.438, Trained Tokens 135680, Peak mem 6.663 GB
Iter 280: Train loss 0.065, Learning Rate 1.000e-05, It/sec 0.595, Tokens/sec 289.855, Trained Tokens 140552, Peak mem 6.663 GB
Iter 290: Train loss 0.068, Learning Rate 1.000e-05, It/sec 0.587, Tokens/sec 287.781, Trained Tokens 145452, Peak mem 6.663 GB

Calculating loss...:   0%|          | 0/25 [00:00<?, ?it/s]
Calculating loss...:   4%|▍         | 1/25 [00:01<00:28,  1.19s/it]
Calculating loss...:   8%|▊         | 2/25 [00:01<00:21,  1.05it/s]
Calculating loss...:  12%|█▏        | 3/25 [00:02<00:18,  1.18it/s]
Calculating loss...:  16%|█▌        | 4/25 [00:03<00:18,  1.15it/s]
Calculating loss...:  20%|██        | 5/25 [00:04<00:16,  1.19it/s]
Calculating loss...:  24%|██▍       | 6/25 [00:05<00:15,  1.19it/s]
Calculating loss...:  28%|██▊       | 7/25 [00:06<00:17,  1.06it/s]
Calculating loss...:  32%|███▏      | 8/25 [00:07<00:17,  1.04s/it]
Calculating loss...:  36%|███▌      | 9/25 [00:08<00:16,  1.01s/it]
Calculating loss...:  40%|████      | 10/25 [00:09<00:14,  1.01it/s]
Calculating loss...:  44%|████▍     | 11/25 [00:10<00:12,  1.08it/s]
Calculating loss...:  48%|████▊     | 12/25 [00:11<00:12,  1.07it/s]
Calculating loss...:  52%|█████▏    | 13/25 [00:12<00:12,  1.02s/it]
Calculating loss...:  56%|█████▌    | 14/25 [00:13<00:10,  1.06it/s]
Calculating loss...:  60%|██████    | 15/25 [00:13<00:08,  1.16it/s]
Calculating loss...:  64%|██████▍   | 16/25 [00:14<00:07,  1.17it/s]
Calculating loss...:  68%|██████▊   | 17/25 [00:15<00:06,  1.16it/s]
Calculating loss...:  72%|███████▏  | 18/25 [00:16<00:05,  1.25it/s]
Calculating loss...:  76%|███████▌  | 19/25 [00:17<00:04,  1.26it/s]
Calculating loss...:  80%|████████  | 20/25 [00:18<00:04,  1.19it/s]
Calculating loss...:  84%|████████▍ | 21/25 [00:18<00:03,  1.26it/s]
Calculating loss...:  88%|████████▊ | 22/25 [00:19<00:02,  1.16it/s]
Calculating loss...:  92%|█████████▏| 23/25 [00:20<00:01,  1.20it/s]
Calculating loss...:  96%|█████████▌| 24/25 [00:21<00:00,  1.20it/s]
Calculating loss...: 100%|██████████| 25/25 [00:22<00:00,  1.13it/s]
Calculating loss...: 100%|██████████| 25/25 [00:22<00:00,  1.12it/s]
Iter 300: Val loss 0.068, Val took 22.343s
Iter 300: Train loss 0.061, Learning Rate 1.000e-05, It/sec 0.571, Tokens/sec 287.491, Trained Tokens 150491, Peak mem 6.663 GB
Iter 300: Saved adapter weights to outputs/cycle-2-v3/adapters.safetensors and outputs/cycle-2-v3/0000300_adapters.safetensors.
Iter 310: Train loss 0.077, Learning Rate 1.000e-05, It/sec 0.609, Tokens/sec 288.870, Trained Tokens 155237, Peak mem 6.663 GB
Iter 320: Train loss 0.060, Learning Rate 1.000e-05, It/sec 0.539, Tokens/sec 286.994, Trained Tokens 160562, Peak mem 6.830 GB
Iter 330: Train loss 0.063, Learning Rate 1.000e-05, It/sec 0.569, Tokens/sec 290.088, Trained Tokens 165659, Peak mem 6.830 GB
Iter 340: Train loss 0.064, Learning Rate 1.000e-05, It/sec 0.546, Tokens/sec 288.703, Trained Tokens 170951, Peak mem 6.830 GB

Calculating loss...:   0%|          | 0/25 [00:00<?, ?it/s]
Calculating loss...:   4%|▍         | 1/25 [00:00<00:18,  1.27it/s]
Calculating loss...:   8%|▊         | 2/25 [00:01<00:23,  1.02s/it]
Calculating loss...:  12%|█▏        | 3/25 [00:02<00:20,  1.07it/s]
Calculating loss...:  16%|█▌        | 4/25 [00:03<00:19,  1.06it/s]
Calculating loss...:  20%|██        | 5/25 [00:04<00:18,  1.06it/s]
Calculating loss...:  24%|██▍       | 6/25 [00:05<00:16,  1.13it/s]
Calculating loss...:  28%|██▊       | 7/25 [00:06<00:17,  1.00it/s]
Calculating loss...:  32%|███▏      | 8/25 [00:07<00:15,  1.12it/s]
Calculating loss...:  36%|███▌      | 9/25 [00:08<00:13,  1.21it/s]
Calculating loss...:  40%|████      | 10/25 [00:09<00:14,  1.06it/s]
Calculating loss...:  44%|████▍     | 11/25 [00:10<00:13,  1.06it/s]
Calculating loss...:  48%|████▊     | 12/25 [00:11<00:11,  1.10it/s]
Calculating loss...:  52%|█████▏    | 13/25 [00:12<00:12,  1.01s/it]
Calculating loss...:  56%|█████▌    | 14/25 [00:13<00:10,  1.01it/s]
Calculating loss...:  60%|██████    | 15/25 [00:14<00:09,  1.06it/s]
Calculating loss...:  64%|██████▍   | 16/25 [00:14<00:08,  1.06it/s]
Calculating loss...:  68%|██████▊   | 17/25 [00:15<00:07,  1.06it/s]
Calculating loss...:  72%|███████▏  | 18/25 [00:17<00:07,  1.03s/it]
Calculating loss...:  76%|███████▌  | 19/25 [00:17<00:05,  1.05it/s]
Calculating loss...:  80%|████████  | 20/25 [00:19<00:05,  1.02s/it]
Calculating loss...:  84%|████████▍ | 21/25 [00:19<00:03,  1.04it/s]
Calculating loss...:  88%|████████▊ | 22/25 [00:20<00:02,  1.10it/s]
Calculating loss...:  92%|█████████▏| 23/25 [00:21<00:02,  1.00s/it]
Calculating loss...:  96%|█████████▌| 24/25 [00:22<00:00,  1.01it/s]
Calculating loss...: 100%|██████████| 25/25 [00:24<00:00,  1.06s/it]
Calculating loss...: 100%|██████████| 25/25 [00:24<00:00,  1.04it/s]
Iter 350: Val loss 0.061, Val took 24.132s
Iter 350: Train loss 0.061, Learning Rate 1.000e-05, It/sec 0.557, Tokens/sec 287.053, Trained Tokens 176102, Peak mem 6.830 GB
Iter 350: Saved adapter weights to outputs/cycle-2-v3/adapters.safetensors and outputs/cycle-2-v3/0000350_adapters.safetensors.
Iter 360: Train loss 0.062, Learning Rate 1.000e-05, It/sec 0.592, Tokens/sec 290.973, Trained Tokens 181016, Peak mem 6.830 GB
Iter 370: Train loss 0.063, Learning Rate 1.000e-05, It/sec 0.573, Tokens/sec 289.743, Trained Tokens 186072, Peak mem 6.830 GB
Iter 380: Train loss 0.065, Learning Rate 1.000e-05, It/sec 0.590, Tokens/sec 287.974, Trained Tokens 190951, Peak mem 6.830 GB
Iter 390: Train loss 0.058, Learning Rate 1.000e-05, It/sec 0.566, Tokens/sec 289.709, Trained Tokens 196073, Peak mem 6.830 GB

Calculating loss...:   0%|          | 0/25 [00:00<?, ?it/s]
Calculating loss...:   4%|▍         | 1/25 [00:00<00:20,  1.18it/s]
Calculating loss...:   8%|▊         | 2/25 [00:01<00:17,  1.34it/s]
Calculating loss...:  12%|█▏        | 3/25 [00:02<00:18,  1.19it/s]
Calculating loss...:  16%|█▌        | 4/25 [00:03<00:18,  1.16it/s]
Calculating loss...:  20%|██        | 5/25 [00:04<00:19,  1.01it/s]
Calculating loss...:  24%|██▍       | 6/25 [00:05<00:17,  1.07it/s]
Calculating loss...:  28%|██▊       | 7/25 [00:06<00:16,  1.06it/s]
Calculating loss...:  32%|███▏      | 8/25 [00:07<00:16,  1.06it/s]
Calculating loss...:  36%|███▌      | 9/25 [00:08<00:14,  1.08it/s]
Calculating loss...:  40%|████      | 10/25 [00:09<00:13,  1.11it/s]
Calculating loss...:  44%|████▍     | 11/25 [00:09<00:12,  1.10it/s]
Calculating loss...:  48%|████▊     | 12/25 [00:10<00:11,  1.15it/s]
Calculating loss...:  52%|█████▏    | 13/25 [00:11<00:10,  1.17it/s]
Calculating loss...:  56%|█████▌    | 14/25 [00:12<00:09,  1.18it/s]
Calculating loss...:  60%|██████    | 15/25 [00:13<00:09,  1.05it/s]
Calculating loss...:  64%|██████▍   | 16/25 [00:14<00:09,  1.02s/it]
Calculating loss...:  68%|██████▊   | 17/25 [00:15<00:07,  1.06it/s]
Calculating loss...:  72%|███████▏  | 18/25 [00:16<00:06,  1.08it/s]
Calculating loss...:  76%|███████▌  | 19/25 [00:17<00:05,  1.13it/s]
Calculating loss...:  80%|████████  | 20/25 [00:18<00:04,  1.01it/s]
Calculating loss...:  84%|████████▍ | 21/25 [00:19<00:03,  1.12it/s]
Calculating loss...:  88%|████████▊ | 22/25 [00:20<00:02,  1.10it/s]
Calculating loss...:  92%|█████████▏| 23/25 [00:21<00:01,  1.09it/s]
Calculating loss...:  96%|█████████▌| 24/25 [00:22<00:00,  1.01it/s]
Calculating loss...: 100%|██████████| 25/25 [00:23<00:00,  1.02it/s]
Calculating loss...: 100%|██████████| 25/25 [00:23<00:00,  1.08it/s]
Iter 400: Val loss 0.061, Val took 23.143s
Iter 400: Train loss 0.058, Learning Rate 1.000e-05, It/sec 0.566, Tokens/sec 288.481, Trained Tokens 201172, Peak mem 6.830 GB
Iter 400: Saved adapter weights to outputs/cycle-2-v3/adapters.safetensors and outputs/cycle-2-v3/0000400_adapters.safetensors.
Iter 410: Train loss 0.058, Learning Rate 1.000e-05, It/sec 0.570, Tokens/sec 288.520, Trained Tokens 206237, Peak mem 6.830 GB
Iter 420: Train loss 0.068, Learning Rate 1.000e-05, It/sec 0.571, Tokens/sec 290.438, Trained Tokens 211326, Peak mem 6.830 GB
Iter 430: Train loss 0.070, Learning Rate 1.000e-05, It/sec 0.603, Tokens/sec 289.722, Trained Tokens 216127, Peak mem 6.830 GB
Iter 440: Train loss 0.060, Learning Rate 1.000e-05, It/sec 0.588, Tokens/sec 288.146, Trained Tokens 221024, Peak mem 6.830 GB

Calculating loss...:   0%|          | 0/25 [00:00<?, ?it/s]
Calculating loss...:   4%|▍         | 1/25 [00:00<00:22,  1.06it/s]
Calculating loss...:   8%|▊         | 2/25 [00:01<00:22,  1.01it/s]
Calculating loss...:  12%|█▏        | 3/25 [00:02<00:20,  1.05it/s]
Calculating loss...:  16%|█▌        | 4/25 [00:03<00:19,  1.06it/s]
Calculating loss...:  20%|██        | 5/25 [00:04<00:18,  1.10it/s]
Calculating loss...:  24%|██▍       | 6/25 [00:05<00:17,  1.09it/s]
Calculating loss...:  28%|██▊       | 7/25 [00:06<00:16,  1.08it/s]
Calculating loss...:  32%|███▏      | 8/25 [00:07<00:14,  1.13it/s]
Calculating loss...:  36%|███▌      | 9/25 [00:08<00:16,  1.01s/it]
Calculating loss...:  40%|████      | 10/25 [00:09<00:14,  1.05it/s]
Calculating loss...:  44%|████▍     | 11/25 [00:10<00:12,  1.15it/s]
Calculating loss...:  48%|████▊     | 12/25 [00:11<00:11,  1.14it/s]
Calculating loss...:  52%|█████▏    | 13/25 [00:11<00:09,  1.23it/s]
Calculating loss...:  56%|█████▌    | 14/25 [00:12<00:10,  1.09it/s]
Calculating loss...:  60%|██████    | 15/25 [00:13<00:08,  1.12it/s]
Calculating loss...:  64%|██████▍   | 16/25 [00:14<00:07,  1.21it/s]
Calculating loss...:  68%|██████▊   | 17/25 [00:15<00:06,  1.23it/s]
Calculating loss...:  72%|███████▏  | 18/25 [00:16<00:05,  1.17it/s]
Calculating loss...:  76%|███████▌  | 19/25 [00:17<00:05,  1.14it/s]
Calculating loss...:  80%|████████  | 20/25 [00:18<00:04,  1.01it/s]
Calculating loss...:  84%|████████▍ | 21/25 [00:19<00:03,  1.03it/s]
Calculating loss...:  88%|████████▊ | 22/25 [00:20<00:02,  1.07it/s]
Calculating loss...:  92%|█████████▏| 23/25 [00:20<00:01,  1.13it/s]
Calculating loss...:  96%|█████████▌| 24/25 [00:21<00:00,  1.15it/s]
Calculating loss...: 100%|██████████| 25/25 [00:22<00:00,  1.19it/s]
Calculating loss...: 100%|██████████| 25/25 [00:22<00:00,  1.12it/s]
Iter 450: Val loss 0.059, Val took 22.416s
Iter 450: Train loss 0.063, Learning Rate 1.000e-05, It/sec 0.609, Tokens/sec 290.297, Trained Tokens 225792, Peak mem 6.830 GB
Iter 450: Saved adapter weights to outputs/cycle-2-v3/adapters.safetensors and outputs/cycle-2-v3/0000450_adapters.safetensors.
Iter 460: Train loss 0.061, Learning Rate 1.000e-05, It/sec 0.575, Tokens/sec 289.345, Trained Tokens 230827, Peak mem 6.830 GB
Iter 470: Train loss 0.059, Learning Rate 1.000e-05, It/sec 0.516, Tokens/sec 289.308, Trained Tokens 236436, Peak mem 6.830 GB
Iter 480: Train loss 0.061, Learning Rate 1.000e-05, It/sec 0.556, Tokens/sec 285.713, Trained Tokens 241576, Peak mem 6.830 GB
Iter 490: Train loss 0.061, Learning Rate 1.000e-05, It/sec 0.561, Tokens/sec 284.900, Trained Tokens 246651, Peak mem 6.830 GB

Calculating loss...:   0%|          | 0/25 [00:00<?, ?it/s]
Calculating loss...:   4%|▍         | 1/25 [00:00<00:18,  1.28it/s]
Calculating loss...:   8%|▊         | 2/25 [00:01<00:20,  1.14it/s]
Calculating loss...:  12%|█▏        | 3/25 [00:02<00:20,  1.10it/s]
Calculating loss...:  16%|█▌        | 4/25 [00:03<00:19,  1.08it/s]
Calculating loss...:  20%|██        | 5/25 [00:04<00:17,  1.12it/s]
Calculating loss...:  24%|██▍       | 6/25 [00:05<00:18,  1.01it/s]
Calculating loss...:  28%|██▊       | 7/25 [00:06<00:16,  1.07it/s]
Calculating loss...:  32%|███▏      | 8/25 [00:07<00:17,  1.03s/it]
Calculating loss...:  36%|███▌      | 9/25 [00:08<00:16,  1.01s/it]
Calculating loss...:  40%|████      | 10/25 [00:09<00:14,  1.05it/s]
Calculating loss...:  44%|████▍     | 11/25 [00:10<00:12,  1.09it/s]
Calculating loss...:  48%|████▊     | 12/25 [00:11<00:12,  1.08it/s]
Calculating loss...:  52%|█████▏    | 13/25 [00:12<00:11,  1.08it/s]
Calculating loss...:  56%|█████▌    | 14/25 [00:13<00:10,  1.07it/s]
Calculating loss...:  60%|██████    | 15/25 [00:13<00:08,  1.16it/s]
Calculating loss...:  64%|██████▍   | 16/25 [00:14<00:08,  1.12it/s]
Calculating loss...:  68%|██████▊   | 17/25 [00:15<00:07,  1.13it/s]
Calculating loss...:  72%|███████▏  | 18/25 [00:16<00:06,  1.15it/s]
Calculating loss...:  76%|███████▌  | 19/25 [00:17<00:05,  1.18it/s]
Calculating loss...:  80%|████████  | 20/25 [00:18<00:04,  1.18it/s]
Calculating loss...:  84%|████████▍ | 21/25 [00:18<00:03,  1.20it/s]
Calculating loss...:  88%|████████▊ | 22/25 [00:19<00:02,  1.21it/s]
Calculating loss...:  92%|█████████▏| 23/25 [00:20<00:01,  1.18it/s]
Calculating loss...:  96%|█████████▌| 24/25 [00:21<00:00,  1.20it/s]
Calculating loss...: 100%|██████████| 25/25 [00:22<00:00,  1.27it/s]
Calculating loss...: 100%|██████████| 25/25 [00:22<00:00,  1.13it/s]
Iter 500: Val loss 0.063, Val took 22.175s
Iter 500: Train loss 0.053, Learning Rate 1.000e-05, It/sec 0.560, Tokens/sec 287.361, Trained Tokens 251786, Peak mem 6.830 GB
Iter 500: Saved adapter weights to outputs/cycle-2-v3/adapters.safetensors and outputs/cycle-2-v3/0000500_adapters.safetensors.
Iter 510: Train loss 0.058, Learning Rate 1.000e-05, It/sec 0.538, Tokens/sec 285.403, Trained Tokens 257089, Peak mem 6.830 GB
Iter 520: Train loss 0.061, Learning Rate 1.000e-05, It/sec 0.599, Tokens/sec 289.296, Trained Tokens 261921, Peak mem 6.830 GB
Iter 530: Train loss 0.063, Learning Rate 1.000e-05, It/sec 0.575, Tokens/sec 287.512, Trained Tokens 266922, Peak mem 6.830 GB
Iter 540: Train loss 0.065, Learning Rate 1.000e-05, It/sec 0.605, Tokens/sec 289.255, Trained Tokens 271700, Peak mem 6.830 GB

Calculating loss...:   0%|          | 0/25 [00:00<?, ?it/s]
Calculating loss...:   4%|▍         | 1/25 [00:00<00:18,  1.26it/s]
Calculating loss...:   8%|▊         | 2/25 [00:01<00:17,  1.28it/s]
Calculating loss...:  12%|█▏        | 3/25 [00:02<00:21,  1.01it/s]
Calculating loss...:  16%|█▌        | 4/25 [00:03<00:18,  1.16it/s]
Calculating loss...:  20%|██        | 5/25 [00:04<00:16,  1.21it/s]
Calculating loss...:  24%|██▍       | 6/25 [00:05<00:15,  1.23it/s]
Calculating loss...:  28%|██▊       | 7/25 [00:05<00:14,  1.25it/s]
Calculating loss...:  32%|███▏      | 8/25 [00:06<00:12,  1.32it/s]
Calculating loss...:  36%|███▌      | 9/25 [00:07<00:13,  1.22it/s]
Calculating loss...:  40%|████      | 10/25 [00:08<00:11,  1.32it/s]
Calculating loss...:  44%|████▍     | 11/25 [00:08<00:10,  1.37it/s]
Calculating loss...:  48%|████▊     | 12/25 [00:09<00:11,  1.16it/s]
Calculating loss...:  52%|█████▏    | 13/25 [00:11<00:11,  1.05it/s]
Calculating loss...:  56%|█████▌    | 14/25 [00:11<00:10,  1.07it/s]
Calculating loss...:  60%|██████    | 15/25 [00:13<00:10,  1.02s/it]
Calculating loss...:  64%|██████▍   | 16/25 [00:14<00:09,  1.09s/it]
Calculating loss...:  68%|██████▊   | 17/25 [00:15<00:08,  1.01s/it]
Calculating loss...:  72%|███████▏  | 18/25 [00:15<00:06,  1.06it/s]
Calculating loss...:  76%|███████▌  | 19/25 [00:16<00:05,  1.06it/s]
Calculating loss...:  80%|████████  | 20/25 [00:18<00:05,  1.03s/it]
Calculating loss...:  84%|████████▍ | 21/25 [00:18<00:03,  1.05it/s]
Calculating loss...:  88%|████████▊ | 22/25 [00:19<00:02,  1.09it/s]
Calculating loss...:  92%|█████████▏| 23/25 [00:20<00:01,  1.01it/s]
Calculating loss...:  96%|█████████▌| 24/25 [00:21<00:00,  1.06it/s]
Calculating loss...: 100%|██████████| 25/25 [00:22<00:00,  1.12it/s]
Calculating loss...: 100%|██████████| 25/25 [00:22<00:00,  1.11it/s]
Iter 550: Val loss 0.063, Val took 22.582s
Iter 550: Train loss 0.063, Learning Rate 1.000e-05, It/sec 0.657, Tokens/sec 288.739, Trained Tokens 276096, Peak mem 6.830 GB
Iter 550: Saved adapter weights to outputs/cycle-2-v3/adapters.safetensors and outputs/cycle-2-v3/0000550_adapters.safetensors.
Iter 560: Train loss 0.059, Learning Rate 1.000e-05, It/sec 0.570, Tokens/sec 287.043, Trained Tokens 281133, Peak mem 6.830 GB
Iter 570: Train loss 0.065, Learning Rate 1.000e-05, It/sec 0.600, Tokens/sec 287.042, Trained Tokens 285920, Peak mem 6.830 GB
Iter 580: Train loss 0.061, Learning Rate 1.000e-05, It/sec 0.552, Tokens/sec 287.835, Trained Tokens 291130, Peak mem 6.830 GB
Iter 590: Train loss 0.053, Learning Rate 1.000e-05, It/sec 0.550, Tokens/sec 287.559, Trained Tokens 296362, Peak mem 6.830 GB

Calculating loss...:   0%|          | 0/25 [00:00<?, ?it/s]
Calculating loss...:   4%|▍         | 1/25 [00:01<00:24,  1.00s/it]
Calculating loss...:   8%|▊         | 2/25 [00:01<00:20,  1.10it/s]
Calculating loss...:  12%|█▏        | 3/25 [00:02<00:19,  1.15it/s]
Calculating loss...:  16%|█▌        | 4/25 [00:03<00:21,  1.02s/it]
Calculating loss...:  20%|██        | 5/25 [00:04<00:18,  1.07it/s]
Calculating loss...:  24%|██▍       | 6/25 [00:05<00:16,  1.14it/s]
Calculating loss...:  28%|██▊       | 7/25 [00:06<00:14,  1.24it/s]
Calculating loss...:  32%|███▏      | 8/25 [00:06<00:13,  1.25it/s]
Calculating loss...:  36%|███▌      | 9/25 [00:07<00:12,  1.24it/s]
Calculating loss...:  40%|████      | 10/25 [00:08<00:12,  1.23it/s]
Calculating loss...:  44%|████▍     | 11/25 [00:09<00:11,  1.25it/s]
Calculating loss...:  48%|████▊     | 12/25 [00:10<00:12,  1.08it/s]
Calculating loss...:  52%|█████▏    | 13/25 [00:11<00:12,  1.02s/it]
Calculating loss...:  56%|█████▌    | 14/25 [00:12<00:10,  1.04it/s]
Calculating loss...:  60%|██████    | 15/25 [00:13<00:09,  1.10it/s]
Calculating loss...:  64%|██████▍   | 16/25 [00:14<00:07,  1.20it/s]
Calculating loss...:  68%|██████▊   | 17/25 [00:14<00:06,  1.20it/s]
Calculating loss...:  72%|███████▏  | 18/25 [00:15<00:06,  1.15it/s]
Calculating loss...:  76%|███████▌  | 19/25 [00:16<00:05,  1.16it/s]
Calculating loss...:  80%|████████  | 20/25 [00:17<00:04,  1.03it/s]
Calculating loss...:  84%|████████▍ | 21/25 [00:19<00:04,  1.05s/it]
Calculating loss...:  88%|████████▊ | 22/25 [00:20<00:03,  1.10s/it]
Calculating loss...:  92%|█████████▏| 23/25 [00:21<00:02,  1.12s/it]
Calculating loss...:  96%|█████████▌| 24/25 [00:22<00:01,  1.15s/it]
Calculating loss...: 100%|██████████| 25/25 [00:23<00:00,  1.04s/it]
Calculating loss...: 100%|██████████| 25/25 [00:23<00:00,  1.06it/s]
Iter 600: Val loss 0.059, Val took 23.556s
Iter 600: Train loss 0.068, Learning Rate 1.000e-05, It/sec 0.558, Tokens/sec 289.572, Trained Tokens 301547, Peak mem 6.830 GB
Iter 600: Saved adapter weights to outputs/cycle-2-v3/adapters.safetensors and outputs/cycle-2-v3/0000600_adapters.safetensors.
Iter 610: Train loss 0.073, Learning Rate 1.000e-05, It/sec 0.665, Tokens/sec 289.433, Trained Tokens 305899, Peak mem 6.830 GB
Iter 620: Train loss 0.053, Learning Rate 1.000e-05, It/sec 0.525, Tokens/sec 287.026, Trained Tokens 311362, Peak mem 6.830 GB
Iter 630: Train loss 0.065, Learning Rate 1.000e-05, It/sec 0.615, Tokens/sec 290.734, Trained Tokens 316092, Peak mem 6.830 GB
Iter 640: Train loss 0.060, Learning Rate 1.000e-05, It/sec 0.656, Tokens/sec 291.645, Trained Tokens 320538, Peak mem 6.830 GB

Calculating loss...:   0%|          | 0/25 [00:00<?, ?it/s]
Calculating loss...:   4%|▍         | 1/25 [00:00<00:16,  1.48it/s]
Calculating loss...:   8%|▊         | 2/25 [00:01<00:16,  1.36it/s]
Calculating loss...:  12%|█▏        | 3/25 [00:02<00:16,  1.33it/s]
Calculating loss...:  16%|█▌        | 4/25 [00:03<00:16,  1.27it/s]
Calculating loss...:  20%|██        | 5/25 [00:03<00:15,  1.28it/s]
Calculating loss...:  24%|██▍       | 6/25 [00:04<00:15,  1.24it/s]
Calculating loss...:  28%|██▊       | 7/25 [00:05<00:17,  1.06it/s]
Calculating loss...:  32%|███▏      | 8/25 [00:07<00:17,  1.03s/it]
Calculating loss...:  36%|███▌      | 9/25 [00:08<00:16,  1.01s/it]
Calculating loss...:  40%|████      | 10/25 [00:08<00:14,  1.07it/s]
Calculating loss...:  44%|████▍     | 11/25 [00:09<00:13,  1.07it/s]
Calculating loss...:  48%|████▊     | 12/25 [00:10<00:11,  1.17it/s]
Calculating loss...:  52%|█████▏    | 13/25 [00:11<00:10,  1.15it/s]
Calculating loss...:  56%|█████▌    | 14/25 [00:12<00:09,  1.17it/s]
Calculating loss...:  60%|██████    | 15/25 [00:13<00:08,  1.18it/s]
Calculating loss...:  64%|██████▍   | 16/25 [00:13<00:07,  1.19it/s]
Calculating loss...:  68%|██████▊   | 17/25 [00:14<00:06,  1.19it/s]
Calculating loss...:  72%|███████▏  | 18/25 [00:15<00:06,  1.06it/s]
Calculating loss...:  76%|███████▌  | 19/25 [00:16<00:05,  1.08it/s]
Calculating loss...:  80%|████████  | 20/25 [00:18<00:05,  1.02s/it]
Calculating loss...:  84%|████████▍ | 21/25 [00:18<00:03,  1.04it/s]
Calculating loss...:  88%|████████▊ | 22/25 [00:19<00:02,  1.14it/s]
Calculating loss...:  92%|█████████▏| 23/25 [00:20<00:01,  1.09it/s]
Calculating loss...:  96%|█████████▌| 24/25 [00:21<00:00,  1.10it/s]
Calculating loss...: 100%|██████████| 25/25 [00:22<00:00,  1.01it/s]
Calculating loss...: 100%|██████████| 25/25 [00:22<00:00,  1.11it/s]
Iter 650: Val loss 0.058, Val took 22.584s
Iter 650: Train loss 0.053, Learning Rate 1.000e-05, It/sec 0.595, Tokens/sec 291.143, Trained Tokens 325433, Peak mem 6.830 GB
Iter 650: Saved adapter weights to outputs/cycle-2-v3/adapters.safetensors and outputs/cycle-2-v3/0000650_adapters.safetensors.
Iter 660: Train loss 0.065, Learning Rate 1.000e-05, It/sec 0.614, Tokens/sec 292.243, Trained Tokens 330196, Peak mem 6.830 GB
Iter 670: Train loss 0.061, Learning Rate 1.000e-05, It/sec 0.550, Tokens/sec 284.303, Trained Tokens 335364, Peak mem 6.830 GB
Iter 680: Train loss 0.061, Learning Rate 1.000e-05, It/sec 0.564, Tokens/sec 288.888, Trained Tokens 340485, Peak mem 6.830 GB
Iter 690: Train loss 0.059, Learning Rate 1.000e-05, It/sec 0.575, Tokens/sec 289.440, Trained Tokens 345523, Peak mem 6.830 GB

Calculating loss...:   0%|          | 0/25 [00:00<?, ?it/s]
Calculating loss...:   4%|▍         | 1/25 [00:01<00:29,  1.24s/it]
Calculating loss...:   8%|▊         | 2/25 [00:02<00:23,  1.04s/it]
Calculating loss...:  12%|█▏        | 3/25 [00:03<00:21,  1.01it/s]
Calculating loss...:  16%|█▌        | 4/25 [00:04<00:22,  1.07s/it]
Calculating loss...:  20%|██        | 5/25 [00:05<00:19,  1.04it/s]
Calculating loss...:  24%|██▍       | 6/25 [00:05<00:17,  1.08it/s]
Calculating loss...:  28%|██▊       | 7/25 [00:07<00:18,  1.02s/it]
Calculating loss...:  32%|███▏      | 8/25 [00:07<00:16,  1.02it/s]
Calculating loss...:  36%|███▌      | 9/25 [00:08<00:15,  1.03it/s]
Calculating loss...:  40%|████      | 10/25 [00:10<00:15,  1.05s/it]
Calculating loss...:  44%|████▍     | 11/25 [00:11<00:13,  1.00it/s]
Calculating loss...:  48%|████▊     | 12/25 [00:12<00:13,  1.07s/it]
Calculating loss...:  52%|█████▏    | 13/25 [00:13<00:12,  1.03s/it]
Calculating loss...:  56%|█████▌    | 14/25 [00:13<00:10,  1.09it/s]
Calculating loss...:  60%|██████    | 15/25 [00:14<00:08,  1.12it/s]
Calculating loss...:  64%|██████▍   | 16/25 [00:15<00:07,  1.17it/s]
Calculating loss...:  68%|██████▊   | 17/25 [00:16<00:06,  1.15it/s]
Calculating loss...:  72%|███████▏  | 18/25 [00:17<00:05,  1.17it/s]
Calculating loss...:  76%|███████▌  | 19/25 [00:18<00:05,  1.18it/s]
Calculating loss...:  80%|████████  | 20/25 [00:19<00:04,  1.06it/s]
Calculating loss...:  84%|████████▍ | 21/25 [00:20<00:03,  1.08it/s]
Calculating loss...:  88%|████████▊ | 22/25 [00:21<00:02,  1.07it/s]
Calculating loss...:  92%|█████████▏| 23/25 [00:21<00:01,  1.07it/s]
Calculating loss...:  96%|█████████▌| 24/25 [00:23<00:01,  1.03s/it]
Calculating loss...: 100%|██████████| 25/25 [00:24<00:00,  1.01s/it]
Calculating loss...: 100%|██████████| 25/25 [00:24<00:00,  1.03it/s]
Iter 700: Val loss 0.059, Val took 24.195s
Iter 700: Train loss 0.055, Learning Rate 1.000e-05, It/sec 0.533, Tokens/sec 287.411, Trained Tokens 350915, Peak mem 6.830 GB
Iter 700: Saved adapter weights to outputs/cycle-2-v3/adapters.safetensors and outputs/cycle-2-v3/0000700_adapters.safetensors.
Iter 710: Train loss 0.069, Learning Rate 1.000e-05, It/sec 0.650, Tokens/sec 290.115, Trained Tokens 355376, Peak mem 6.830 GB
Iter 720: Train loss 0.056, Learning Rate 1.000e-05, It/sec 0.535, Tokens/sec 288.250, Trained Tokens 360765, Peak mem 6.830 GB
Iter 730: Train loss 0.060, Learning Rate 1.000e-05, It/sec 0.530, Tokens/sec 288.347, Trained Tokens 366204, Peak mem 6.830 GB
Iter 740: Train loss 0.055, Learning Rate 1.000e-05, It/sec 0.536, Tokens/sec 288.765, Trained Tokens 371587, Peak mem 6.830 GB

Calculating loss...:   0%|          | 0/25 [00:00<?, ?it/s]
Calculating loss...:   4%|▍         | 1/25 [00:00<00:18,  1.28it/s]
Calculating loss...:   8%|▊         | 2/25 [00:01<00:16,  1.40it/s]
Calculating loss...:  12%|█▏        | 3/25 [00:02<00:18,  1.22it/s]
Calculating loss...:  16%|█▌        | 4/25 [00:03<00:17,  1.18it/s]
Calculating loss...:  20%|██        | 5/25 [00:03<00:15,  1.28it/s]
Calculating loss...:  24%|██▍       | 6/25 [00:05<00:17,  1.07it/s]
Calculating loss...:  28%|██▊       | 7/25 [00:06<00:17,  1.04it/s]
Calculating loss...:  32%|███▏      | 8/25 [00:06<00:15,  1.11it/s]
Calculating loss...:  36%|███▌      | 9/25 [00:07<00:14,  1.10it/s]
Calculating loss...:  40%|████      | 10/25 [00:08<00:13,  1.15it/s]
Calculating loss...:  44%|████▍     | 11/25 [00:09<00:11,  1.19it/s]
Calculating loss...:  48%|████▊     | 12/25 [00:10<00:12,  1.05it/s]
Calculating loss...:  52%|█████▏    | 13/25 [00:11<00:11,  1.05it/s]
Calculating loss...:  56%|█████▌    | 14/25 [00:12<00:10,  1.05it/s]
Calculating loss...:  60%|██████    | 15/25 [00:13<00:09,  1.09it/s]
Calculating loss...:  64%|██████▍   | 16/25 [00:14<00:07,  1.14it/s]
Calculating loss...:  68%|██████▊   | 17/25 [00:15<00:06,  1.16it/s]
Calculating loss...:  72%|███████▏  | 18/25 [00:15<00:06,  1.13it/s]
Calculating loss...:  76%|███████▌  | 19/25 [00:16<00:05,  1.17it/s]
Calculating loss...:  80%|████████  | 20/25 [00:17<00:04,  1.23it/s]
Calculating loss...:  84%|████████▍ | 21/25 [00:18<00:03,  1.25it/s]
Calculating loss...:  88%|████████▊ | 22/25 [00:19<00:02,  1.23it/s]
Calculating loss...:  92%|█████████▏| 23/25 [00:19<00:01,  1.25it/s]
Calculating loss...:  96%|█████████▌| 24/25 [00:20<00:00,  1.26it/s]
Calculating loss...: 100%|██████████| 25/25 [00:21<00:00,  1.27it/s]
Calculating loss...: 100%|██████████| 25/25 [00:21<00:00,  1.17it/s]
Iter 750: Val loss 0.068, Val took 21.393s
Iter 750: Train loss 0.061, Learning Rate 1.000e-05, It/sec 0.588, Tokens/sec 292.397, Trained Tokens 376561, Peak mem 6.830 GB
Iter 750: Saved adapter weights to outputs/cycle-2-v3/adapters.safetensors and outputs/cycle-2-v3/0000750_adapters.safetensors.
Iter 760: Train loss 0.051, Learning Rate 1.000e-05, It/sec 0.530, Tokens/sec 286.594, Trained Tokens 381968, Peak mem 6.830 GB
Iter 770: Train loss 0.059, Learning Rate 1.000e-05, It/sec 0.526, Tokens/sec 288.695, Trained Tokens 387454, Peak mem 6.830 GB
Iter 780: Train loss 0.054, Learning Rate 1.000e-05, It/sec 0.561, Tokens/sec 289.427, Trained Tokens 392611, Peak mem 6.830 GB
Iter 790: Train loss 0.059, Learning Rate 1.000e-05, It/sec 0.592, Tokens/sec 290.070, Trained Tokens 397509, Peak mem 6.830 GB

Calculating loss...:   0%|          | 0/25 [00:00<?, ?it/s]
Calculating loss...:   4%|▍         | 1/25 [00:00<00:22,  1.05it/s]
Calculating loss...:   8%|▊         | 2/25 [00:01<00:19,  1.18it/s]
Calculating loss...:  12%|█▏        | 3/25 [00:02<00:19,  1.12it/s]
Calculating loss...:  16%|█▌        | 4/25 [00:03<00:19,  1.10it/s]
Calculating loss...:  20%|██        | 5/25 [00:04<00:18,  1.09it/s]
Calculating loss...:  24%|██▍       | 6/25 [00:05<00:17,  1.10it/s]
Calculating loss...:  28%|██▊       | 7/25 [00:06<00:18,  1.02s/it]
Calculating loss...:  32%|███▏      | 8/25 [00:07<00:15,  1.11it/s]
Calculating loss...:  36%|███▌      | 9/25 [00:08<00:14,  1.11it/s]
Calculating loss...:  40%|████      | 10/25 [00:09<00:13,  1.14it/s]
Calculating loss...:  44%|████▍     | 11/25 [00:09<00:11,  1.18it/s]
Calculating loss...:  48%|████▊     | 12/25 [00:10<00:10,  1.21it/s]
Calculating loss...:  52%|█████▏    | 13/25 [00:11<00:09,  1.21it/s]
Calculating loss...:  56%|█████▌    | 14/25 [00:12<00:08,  1.29it/s]
Calculating loss...:  60%|██████    | 15/25 [00:13<00:08,  1.21it/s]
Calculating loss...:  64%|██████▍   | 16/25 [00:13<00:07,  1.16it/s]
Calculating loss...:  68%|██████▊   | 17/25 [00:14<00:06,  1.25it/s]
Calculating loss...:  72%|███████▏  | 18/25 [00:15<00:05,  1.26it/s]
Calculating loss...:  76%|███████▌  | 19/25 [00:16<00:04,  1.27it/s]
Calculating loss...:  80%|████████  | 20/25 [00:17<00:04,  1.25it/s]
Calculating loss...:  84%|████████▍ | 21/25 [00:17<00:03,  1.26it/s]
Calculating loss...:  88%|████████▊ | 22/25 [00:19<00:02,  1.08it/s]
Calculating loss...:  92%|█████████▏| 23/25 [00:20<00:01,  1.05it/s]
Calculating loss...:  96%|█████████▌| 24/25 [00:20<00:00,  1.05it/s]
Calculating loss...: 100%|██████████| 25/25 [00:21<00:00,  1.06it/s]
Calculating loss...: 100%|██████████| 25/25 [00:21<00:00,  1.14it/s]
Iter 800: Val loss 0.064, Val took 21.952s
Iter 800: Train loss 0.061, Learning Rate 1.000e-05, It/sec 0.562, Tokens/sec 288.805, Trained Tokens 402650, Peak mem 6.830 GB
Iter 800: Saved adapter weights to outputs/cycle-2-v3/adapters.safetensors and outputs/cycle-2-v3/0000800_adapters.safetensors.
Iter 810: Train loss 0.053, Learning Rate 1.000e-05, It/sec 0.547, Tokens/sec 284.714, Trained Tokens 407851, Peak mem 6.830 GB
Iter 820: Train loss 0.057, Learning Rate 1.000e-05, It/sec 0.578, Tokens/sec 284.631, Trained Tokens 412778, Peak mem 6.830 GB
Iter 830: Train loss 0.056, Learning Rate 1.000e-05, It/sec 0.585, Tokens/sec 286.938, Trained Tokens 417682, Peak mem 6.830 GB
Iter 840: Train loss 0.057, Learning Rate 1.000e-05, It/sec 0.541, Tokens/sec 285.646, Trained Tokens 422966, Peak mem 6.830 GB

Calculating loss...:   0%|          | 0/25 [00:00<?, ?it/s]
Calculating loss...:   4%|▍         | 1/25 [00:01<00:29,  1.24s/it]
Calculating loss...:   8%|▊         | 2/25 [00:01<00:20,  1.10it/s]
Calculating loss...:  12%|█▏        | 3/25 [00:03<00:23,  1.05s/it]
Calculating loss...:  16%|█▌        | 4/25 [00:04<00:23,  1.12s/it]
Calculating loss...:  20%|██        | 5/25 [00:05<00:20,  1.02s/it]
Calculating loss...:  24%|██▍       | 6/25 [00:05<00:17,  1.07it/s]
Calculating loss...:  28%|██▊       | 7/25 [00:06<00:15,  1.13it/s]
Calculating loss...:  32%|███▏      | 8/25 [00:07<00:16,  1.01it/s]
Calculating loss...:  36%|███▌      | 9/25 [00:08<00:15,  1.04it/s]
Calculating loss...:  40%|████      | 10/25 [00:09<00:14,  1.04it/s]
Calculating loss...:  44%|████▍     | 11/25 [00:10<00:13,  1.07it/s]
Calculating loss...:  48%|████▊     | 12/25 [00:11<00:11,  1.13it/s]
Calculating loss...:  52%|█████▏    | 13/25 [00:12<00:10,  1.13it/s]
Calculating loss...:  56%|█████▌    | 14/25 [00:13<00:09,  1.17it/s]
Calculating loss...:  60%|██████    | 15/25 [00:14<00:08,  1.16it/s]
Calculating loss...:  64%|██████▍   | 16/25 [00:14<00:07,  1.20it/s]
Calculating loss...:  68%|██████▊   | 17/25 [00:15<00:06,  1.18it/s]
Calculating loss...:  72%|███████▏  | 18/25 [00:16<00:06,  1.04it/s]
Calculating loss...:  76%|███████▌  | 19/25 [00:17<00:05,  1.14it/s]
Calculating loss...:  80%|████████  | 20/25 [00:18<00:04,  1.18it/s]
Calculating loss...:  84%|████████▍ | 21/25 [00:19<00:03,  1.04it/s]
Calculating loss...:  88%|████████▊ | 22/25 [00:20<00:02,  1.11it/s]
Calculating loss...:  92%|█████████▏| 23/25 [00:21<00:01,  1.20it/s]
Calculating loss...:  96%|█████████▌| 24/25 [00:21<00:00,  1.23it/s]
Calculating loss...: 100%|██████████| 25/25 [00:22<00:00,  1.25it/s]
Calculating loss...: 100%|██████████| 25/25 [00:22<00:00,  1.11it/s]
Iter 850: Val loss 0.061, Val took 22.576s
Iter 850: Train loss 0.052, Learning Rate 1.000e-05, It/sec 0.604, Tokens/sec 289.805, Trained Tokens 427764, Peak mem 6.830 GB
Iter 850: Saved adapter weights to outputs/cycle-2-v3/adapters.safetensors and outputs/cycle-2-v3/0000850_adapters.safetensors.
Iter 860: Train loss 0.055, Learning Rate 1.000e-05, It/sec 0.589, Tokens/sec 289.903, Trained Tokens 432689, Peak mem 6.830 GB
Iter 870: Train loss 0.057, Learning Rate 1.000e-05, It/sec 0.626, Tokens/sec 290.510, Trained Tokens 437327, Peak mem 6.830 GB
Iter 880: Train loss 0.061, Learning Rate 1.000e-05, It/sec 0.580, Tokens/sec 287.528, Trained Tokens 442287, Peak mem 6.830 GB
Iter 890: Train loss 0.061, Learning Rate 1.000e-05, It/sec 0.671, Tokens/sec 290.642, Trained Tokens 446619, Peak mem 6.830 GB

Calculating loss...:   0%|          | 0/25 [00:00<?, ?it/s]
Calculating loss...:   4%|▍         | 1/25 [00:00<00:18,  1.29it/s]
Calculating loss...:   8%|▊         | 2/25 [00:01<00:16,  1.41it/s]
Calculating loss...:  12%|█▏        | 3/25 [00:02<00:20,  1.05it/s]
Calculating loss...:  16%|█▌        | 4/25 [00:03<00:19,  1.05it/s]
Calculating loss...:  20%|██        | 5/25 [00:04<00:16,  1.18it/s]
Calculating loss...:  24%|██▍       | 6/25 [00:05<00:17,  1.11it/s]
Calculating loss...:  28%|██▊       | 7/25 [00:06<00:15,  1.16it/s]
Calculating loss...:  32%|███▏      | 8/25 [00:07<00:15,  1.13it/s]
Calculating loss...:  36%|███▌      | 9/25 [00:07<00:13,  1.17it/s]
Calculating loss...:  40%|████      | 10/25 [00:08<00:14,  1.05it/s]
Calculating loss...:  44%|████▍     | 11/25 [00:09<00:12,  1.16it/s]
Calculating loss...:  48%|████▊     | 12/25 [00:10<00:10,  1.24it/s]
Calculating loss...:  52%|█████▏    | 13/25 [00:11<00:10,  1.18it/s]
Calculating loss...:  56%|█████▌    | 14/25 [00:12<00:09,  1.21it/s]
Calculating loss...:  60%|██████    | 15/25 [00:12<00:08,  1.16it/s]
Calculating loss...:  64%|██████▍   | 16/25 [00:13<00:07,  1.25it/s]
Calculating loss...:  68%|██████▊   | 17/25 [00:14<00:06,  1.32it/s]
Calculating loss...:  72%|███████▏  | 18/25 [00:15<00:05,  1.23it/s]
Calculating loss...:  76%|███████▌  | 19/25 [00:16<00:04,  1.25it/s]
Calculating loss...:  80%|████████  | 20/25 [00:16<00:04,  1.18it/s]
Calculating loss...:  84%|████████▍ | 21/25 [00:17<00:03,  1.14it/s]
Calculating loss...:  88%|████████▊ | 22/25 [00:19<00:02,  1.02it/s]
Calculating loss...:  92%|█████████▏| 23/25 [00:19<00:01,  1.06it/s]
Calculating loss...:  96%|█████████▌| 24/25 [00:20<00:00,  1.10it/s]
Calculating loss...: 100%|██████████| 25/25 [00:21<00:00,  1.20it/s]
Calculating loss...: 100%|██████████| 25/25 [00:21<00:00,  1.16it/s]
Iter 900: Val loss 0.057, Val took 21.440s
Iter 900: Train loss 0.059, Learning Rate 1.000e-05, It/sec 0.590, Tokens/sec 285.675, Trained Tokens 451459, Peak mem 6.830 GB
Iter 900: Saved adapter weights to outputs/cycle-2-v3/adapters.safetensors and outputs/cycle-2-v3/0000900_adapters.safetensors.
Iter 910: Train loss 0.055, Learning Rate 1.000e-05, It/sec 0.615, Tokens/sec 287.103, Trained Tokens 456125, Peak mem 6.830 GB
Iter 920: Train loss 0.055, Learning Rate 1.000e-05, It/sec 0.593, Tokens/sec 289.034, Trained Tokens 461001, Peak mem 6.830 GB
Iter 930: Train loss 0.060, Learning Rate 1.000e-05, It/sec 0.640, Tokens/sec 291.316, Trained Tokens 465555, Peak mem 6.830 GB

Calculating loss...:   0%|          | 0/25 [00:00<?, ?it/s]
Calculating loss...:   4%|▍         | 1/25 [00:00<00:21,  1.12it/s]
Calculating loss...:   8%|▊         | 2/25 [00:01<00:18,  1.21it/s]
Calculating loss...:  12%|█▏        | 3/25 [00:02<00:20,  1.10it/s]
Calculating loss...:  16%|█▌        | 4/25 [00:03<00:17,  1.17it/s]
Calculating loss...:  20%|██        | 5/25 [00:04<00:17,  1.12it/s]
Calculating loss...:  24%|██▍       | 6/25 [00:05<00:15,  1.23it/s]
Calculating loss...:  28%|██▊       | 7/25 [00:06<00:17,  1.05it/s]
Calculating loss...:  32%|███▏      | 8/25 [00:07<00:17,  1.04s/it]
Calculating loss...:  36%|███▌      | 9/25 [00:08<00:16,  1.01s/it]
Calculating loss...:  40%|████      | 10/25 [00:09<00:14,  1.05it/s]
Calculating loss...:  44%|████▍     | 11/25 [00:10<00:12,  1.11it/s]
Calculating loss...:  48%|████▊     | 12/25 [00:11<00:12,  1.00it/s]
Calculating loss...:  52%|█████▏    | 13/25 [00:12<00:10,  1.09it/s]
Calculating loss...:  56%|█████▌    | 14/25 [00:12<00:09,  1.13it/s]
Calculating loss...:  60%|██████    | 15/25 [00:13<00:08,  1.17it/s]
Calculating loss...:  64%|██████▍   | 16/25 [00:14<00:07,  1.21it/s]
Calculating loss...:  68%|██████▊   | 17/25 [00:15<00:06,  1.21it/s]
Calculating loss...:  72%|███████▏  | 18/25 [00:16<00:05,  1.21it/s]
Calculating loss...:  76%|███████▌  | 19/25 [00:17<00:05,  1.16it/s]
Calculating loss...:  80%|████████  | 20/25 [00:17<00:04,  1.25it/s]
Calculating loss...:  84%|████████▍ | 21/25 [00:18<00:03,  1.16it/s]
Calculating loss...:  88%|████████▊ | 22/25 [00:19<00:02,  1.17it/s]
Calculating loss...:  92%|█████████▏| 23/25 [00:20<00:01,  1.26it/s]
Calculating loss...:  96%|█████████▌| 24/25 [00:21<00:00,  1.08it/s]
Calculating loss...: 100%|██████████| 25/25 [00:22<00:00,  1.14it/s]
Calculating loss...: 100%|██████████| 25/25 [00:22<00:00,  1.13it/s]
Iter 932: Val loss 0.056, Val took 22.174s
Iter 932: Train loss 0.070, Learning Rate 1.000e-05, It/sec 2.838, Tokens/sec 299.151, Trained Tokens 466609, Peak mem 6.830 GB
Saved final weights to outputs/cycle-2-v3/adapters.safetensors.
