load_backend: loaded BLAS backend from /opt/homebrew/Cellar/ggml/0.9.11/libexec/libggml-blas.so
ggml_metal_device_init: tensor API disabled for pre-M5 and pre-A19 devices
ggml_metal_library_init: using embedded metal library
ggml_metal_library_init: loaded in 0.007 sec
ggml_metal_rsets_init: creating a residency set collection (keep_alive = 180 s)
ggml_metal_device_init: GPU name:   MTL0
ggml_metal_device_init: GPU family: MTLGPUFamilyApple9  (1009)
ggml_metal_device_init: GPU family: MTLGPUFamilyCommon3 (3003)
ggml_metal_device_init: GPU family: MTLGPUFamilyMetal4  (5002)
ggml_metal_device_init: simdgroup reduction   = true
ggml_metal_device_init: simdgroup matrix mul. = true
ggml_metal_device_init: has unified memory    = true
ggml_metal_device_init: has bfloat            = true
ggml_metal_device_init: has tensor            = false
ggml_metal_device_init: use residency sets    = true
ggml_metal_device_init: use shared buffers    = true
ggml_metal_device_init: recommendedMaxWorkingSetSize  = 14302.25 MB
load_backend: loaded MTL backend from /opt/homebrew/Cellar/ggml/0.9.11/libexec/libggml-metal.so
load_backend: loaded CPU backend from /opt/homebrew/Cellar/ggml/0.9.11/libexec/libggml-cpu-apple_m2_m3.so
main: n_parallel is set to auto, using n_parallel = 4 and kv_unified = true
build_info: b8680-15f786e65
system_info: n_threads = 5 (n_threads_batch = 5) / 11 | MTL : EMBED_LIBRARY = 1 | CPU : NEON = 1 | ARM_FMA = 1 | MATMUL_INT8 = 1 | DOTPROD = 1 | ACCELERATE = 1 | OPENMP = 1 | REPACK = 1 | 
Running without SSL
init: using 10 threads for HTTP server
start: binding port with default address family
start: couldn't bind HTTP server socket, hostname: 127.0.0.1, port: 8080
srv    operator(): operator(): cleaning up before exit...
main: exiting due to HTTP server error
