Loading configuration file outputs/cycle-3-v3/train_config.yaml
Loading pretrained model

Fetching 6 files:   0%|          | 0/6 [00:00<?, ?it/s]
Fetching 6 files: 100%|██████████| 6/6 [00:00<00:00, 7025.63it/s]
Loading datasets
Training
Loading fine-tuned weights from outputs/cycle-2-v3/adapters.safetensors
Trainable parameters: 0.865% (27.787M/3212.750M)
Starting training..., iters: 466

Calculating loss...:   0%|          | 0/25 [00:00<?, ?it/s]
Calculating loss...:   4%|▍         | 1/25 [00:00<00:23,  1.03it/s]
Calculating loss...:   8%|▊         | 2/25 [00:01<00:19,  1.16it/s]
Calculating loss...:  12%|█▏        | 3/25 [00:02<00:19,  1.12it/s]
Calculating loss...:  16%|█▌        | 4/25 [00:03<00:19,  1.09it/s]
Calculating loss...:  20%|██        | 5/25 [00:04<00:18,  1.11it/s]
Calculating loss...:  24%|██▍       | 6/25 [00:05<00:17,  1.12it/s]
Calculating loss...:  28%|██▊       | 7/25 [00:06<00:16,  1.10it/s]
Calculating loss...:  32%|███▏      | 8/25 [00:07<00:15,  1.11it/s]
Calculating loss...:  36%|███▌      | 9/25 [00:07<00:13,  1.21it/s]
Calculating loss...:  40%|████      | 10/25 [00:08<00:12,  1.16it/s]
Calculating loss...:  44%|████▍     | 11/25 [00:09<00:11,  1.20it/s]
Calculating loss...:  48%|████▊     | 12/25 [00:10<00:10,  1.20it/s]
Calculating loss...:  52%|█████▏    | 13/25 [00:11<00:09,  1.20it/s]
Calculating loss...:  56%|█████▌    | 14/25 [00:12<00:10,  1.07it/s]
Calculating loss...:  60%|██████    | 15/25 [00:13<00:09,  1.07it/s]
Calculating loss...:  64%|██████▍   | 16/25 [00:14<00:07,  1.13it/s]
Calculating loss...:  68%|██████▊   | 17/25 [00:15<00:07,  1.11it/s]
Calculating loss...:  72%|███████▏  | 18/25 [00:15<00:06,  1.16it/s]
Calculating loss...:  76%|███████▌  | 19/25 [00:16<00:04,  1.24it/s]
Calculating loss...:  80%|████████  | 20/25 [00:17<00:04,  1.10it/s]
Calculating loss...:  84%|████████▍ | 21/25 [00:18<00:03,  1.09it/s]
Calculating loss...:  88%|████████▊ | 22/25 [00:19<00:02,  1.14it/s]
Calculating loss...:  92%|█████████▏| 23/25 [00:20<00:01,  1.12it/s]
Calculating loss...:  96%|█████████▌| 24/25 [00:21<00:00,  1.10it/s]
Calculating loss...: 100%|██████████| 25/25 [00:22<00:00,  1.15it/s]
Calculating loss...: 100%|██████████| 25/25 [00:22<00:00,  1.13it/s]
Iter 1: Val loss 0.062, Val took 22.059s
Iter 10: Train loss 0.046, Learning Rate 5.000e-06, It/sec 0.553, Tokens/sec 283.237, Trained Tokens 5118, Peak mem 6.552 GB
Iter 20: Train loss 0.044, Learning Rate 5.000e-06, It/sec 0.537, Tokens/sec 283.712, Trained Tokens 10403, Peak mem 6.552 GB
Iter 30: Train loss 0.051, Learning Rate 5.000e-06, It/sec 0.573, Tokens/sec 285.530, Trained Tokens 15387, Peak mem 6.552 GB
Iter 40: Train loss 0.052, Learning Rate 5.000e-06, It/sec 0.609, Tokens/sec 288.859, Trained Tokens 20127, Peak mem 6.552 GB

Calculating loss...:   0%|          | 0/25 [00:00<?, ?it/s]
Calculating loss...:   4%|▍         | 1/25 [00:00<00:21,  1.11it/s]
Calculating loss...:   8%|▊         | 2/25 [00:01<00:21,  1.07it/s]
Calculating loss...:  12%|█▏        | 3/25 [00:03<00:23,  1.06s/it]
Calculating loss...:  16%|█▌        | 4/25 [00:04<00:21,  1.02s/it]
Calculating loss...:  20%|██        | 5/25 [00:05<00:21,  1.08s/it]
Calculating loss...:  24%|██▍       | 6/25 [00:06<00:19,  1.03s/it]
Calculating loss...:  28%|██▊       | 7/25 [00:06<00:16,  1.10it/s]
Calculating loss...:  32%|███▏      | 8/25 [00:07<00:15,  1.08it/s]
Calculating loss...:  36%|███▌      | 9/25 [00:08<00:14,  1.13it/s]
Calculating loss...:  40%|████      | 10/25 [00:09<00:12,  1.17it/s]
Calculating loss...:  44%|████▍     | 11/25 [00:10<00:11,  1.17it/s]
Calculating loss...:  48%|████▊     | 12/25 [00:10<00:10,  1.20it/s]
Calculating loss...:  52%|█████▏    | 13/25 [00:11<00:10,  1.20it/s]
Calculating loss...:  56%|█████▌    | 14/25 [00:12<00:09,  1.15it/s]
Calculating loss...:  60%|██████    | 15/25 [00:13<00:09,  1.03it/s]
Calculating loss...:  64%|██████▍   | 16/25 [00:14<00:08,  1.07it/s]
Calculating loss...:  68%|██████▊   | 17/25 [00:15<00:07,  1.05it/s]
Calculating loss...:  72%|███████▏  | 18/25 [00:16<00:06,  1.11it/s]
Calculating loss...:  76%|███████▌  | 19/25 [00:17<00:05,  1.10it/s]
Calculating loss...:  80%|████████  | 20/25 [00:18<00:04,  1.10it/s]
Calculating loss...:  84%|████████▍ | 21/25 [00:19<00:03,  1.09it/s]
Calculating loss...:  88%|████████▊ | 22/25 [00:20<00:02,  1.18it/s]
Calculating loss...:  92%|█████████▏| 23/25 [00:20<00:01,  1.22it/s]
Calculating loss...:  96%|█████████▌| 24/25 [00:21<00:00,  1.29it/s]
Calculating loss...: 100%|██████████| 25/25 [00:22<00:00,  1.35it/s]
Calculating loss...: 100%|██████████| 25/25 [00:22<00:00,  1.13it/s]
Iter 50: Val loss 0.065, Val took 22.184s
Iter 50: Train loss 0.048, Learning Rate 5.000e-06, It/sec 0.535, Tokens/sec 289.526, Trained Tokens 25543, Peak mem 6.552 GB
Iter 50: Saved adapter weights to outputs/cycle-3-v3/adapters.safetensors and outputs/cycle-3-v3/0000050_adapters.safetensors.
Iter 60: Train loss 0.051, Learning Rate 5.000e-06, It/sec 0.611, Tokens/sec 288.014, Trained Tokens 30254, Peak mem 6.552 GB
Iter 70: Train loss 0.049, Learning Rate 5.000e-06, It/sec 0.551, Tokens/sec 287.745, Trained Tokens 35478, Peak mem 6.663 GB
Iter 80: Train loss 0.053, Learning Rate 5.000e-06, It/sec 0.583, Tokens/sec 284.594, Trained Tokens 40356, Peak mem 6.663 GB
Iter 90: Train loss 0.046, Learning Rate 5.000e-06, It/sec 0.532, Tokens/sec 287.314, Trained Tokens 45753, Peak mem 6.663 GB

Calculating loss...:   0%|          | 0/25 [00:00<?, ?it/s]
Calculating loss...:   4%|▍         | 1/25 [00:00<00:22,  1.05it/s]
Calculating loss...:   8%|▊         | 2/25 [00:01<00:19,  1.18it/s]
Calculating loss...:  12%|█▏        | 3/25 [00:02<00:17,  1.27it/s]
Calculating loss...:  16%|█▌        | 4/25 [00:03<00:17,  1.18it/s]
Calculating loss...:  20%|██        | 5/25 [00:04<00:16,  1.22it/s]
Calculating loss...:  24%|██▍       | 6/25 [00:05<00:18,  1.04it/s]
Calculating loss...:  28%|██▊       | 7/25 [00:06<00:18,  1.05s/it]
Calculating loss...:  32%|███▏      | 8/25 [00:07<00:16,  1.04it/s]
Calculating loss...:  36%|███▌      | 9/25 [00:08<00:14,  1.08it/s]
Calculating loss...:  40%|████      | 10/25 [00:09<00:13,  1.14it/s]
Calculating loss...:  44%|████▍     | 11/25 [00:09<00:11,  1.18it/s]
Calculating loss...:  48%|████▊     | 12/25 [00:10<00:11,  1.14it/s]
Calculating loss...:  52%|█████▏    | 13/25 [00:11<00:10,  1.18it/s]
Calculating loss...:  56%|█████▌    | 14/25 [00:12<00:09,  1.16it/s]
Calculating loss...:  60%|██████    | 15/25 [00:13<00:08,  1.25it/s]
Calculating loss...:  64%|██████▍   | 16/25 [00:14<00:08,  1.09it/s]
Calculating loss...:  68%|██████▊   | 17/25 [00:15<00:07,  1.12it/s]
Calculating loss...:  72%|███████▏  | 18/25 [00:15<00:05,  1.17it/s]
Calculating loss...:  76%|███████▌  | 19/25 [00:16<00:05,  1.18it/s]
Calculating loss...:  80%|████████  | 20/25 [00:17<00:04,  1.14it/s]
Calculating loss...:  84%|████████▍ | 21/25 [00:18<00:03,  1.04it/s]
Calculating loss...:  88%|████████▊ | 22/25 [00:19<00:02,  1.10it/s]
Calculating loss...:  92%|█████████▏| 23/25 [00:20<00:01,  1.09it/s]
Calculating loss...:  96%|█████████▌| 24/25 [00:21<00:00,  1.08it/s]
Calculating loss...: 100%|██████████| 25/25 [00:22<00:00,  1.02s/it]
Calculating loss...: 100%|██████████| 25/25 [00:22<00:00,  1.10it/s]
Iter 100: Val loss 0.058, Val took 22.702s
Iter 100: Train loss 0.050, Learning Rate 5.000e-06, It/sec 0.540, Tokens/sec 288.151, Trained Tokens 51087, Peak mem 6.663 GB
Iter 100: Saved adapter weights to outputs/cycle-3-v3/adapters.safetensors and outputs/cycle-3-v3/0000100_adapters.safetensors.
Iter 110: Train loss 0.051, Learning Rate 5.000e-06, It/sec 0.641, Tokens/sec 288.715, Trained Tokens 55588, Peak mem 6.663 GB
Iter 120: Train loss 0.052, Learning Rate 5.000e-06, It/sec 0.580, Tokens/sec 287.465, Trained Tokens 60542, Peak mem 6.663 GB
Iter 130: Train loss 0.048, Learning Rate 5.000e-06, It/sec 0.531, Tokens/sec 286.046, Trained Tokens 65932, Peak mem 6.663 GB
Iter 140: Train loss 0.047, Learning Rate 5.000e-06, It/sec 0.572, Tokens/sec 288.858, Trained Tokens 70981, Peak mem 6.663 GB

Calculating loss...:   0%|          | 0/25 [00:00<?, ?it/s]
Calculating loss...:   4%|▍         | 1/25 [00:00<00:18,  1.29it/s]
Calculating loss...:   8%|▊         | 2/25 [00:01<00:17,  1.29it/s]
Calculating loss...:  12%|█▏        | 3/25 [00:02<00:19,  1.13it/s]
Calculating loss...:  16%|█▌        | 4/25 [00:03<00:17,  1.19it/s]
Calculating loss...:  20%|██        | 5/25 [00:04<00:16,  1.23it/s]
Calculating loss...:  24%|██▍       | 6/25 [00:04<00:14,  1.31it/s]
Calculating loss...:  28%|██▊       | 7/25 [00:05<00:14,  1.24it/s]
Calculating loss...:  32%|███▏      | 8/25 [00:06<00:15,  1.09it/s]
Calculating loss...:  36%|███▌      | 9/25 [00:07<00:14,  1.10it/s]
Calculating loss...:  40%|████      | 10/25 [00:08<00:13,  1.15it/s]
Calculating loss...:  44%|████▍     | 11/25 [00:09<00:11,  1.19it/s]
Calculating loss...:  48%|████▊     | 12/25 [00:10<00:11,  1.17it/s]
Calculating loss...:  52%|█████▏    | 13/25 [00:11<00:11,  1.03it/s]
Calculating loss...:  56%|█████▌    | 14/25 [00:12<00:09,  1.14it/s]
Calculating loss...:  60%|██████    | 15/25 [00:13<00:09,  1.02it/s]
Calculating loss...:  64%|██████▍   | 16/25 [00:14<00:08,  1.03it/s]
Calculating loss...:  68%|██████▊   | 17/25 [00:14<00:07,  1.10it/s]
Calculating loss...:  72%|███████▏  | 18/25 [00:15<00:06,  1.15it/s]
Calculating loss...:  76%|███████▌  | 19/25 [00:16<00:05,  1.14it/s]
Calculating loss...:  80%|████████  | 20/25 [00:17<00:04,  1.23it/s]
Calculating loss...:  84%|████████▍ | 21/25 [00:18<00:03,  1.09it/s]
Calculating loss...:  88%|████████▊ | 22/25 [00:19<00:02,  1.08it/s]
Calculating loss...:  92%|█████████▏| 23/25 [00:20<00:01,  1.12it/s]
Calculating loss...:  96%|█████████▌| 24/25 [00:21<00:00,  1.16it/s]
Calculating loss...: 100%|██████████| 25/25 [00:22<00:00,  1.04it/s]
Calculating loss...: 100%|██████████| 25/25 [00:22<00:00,  1.12it/s]
Iter 150: Val loss 0.061, Val took 22.250s
Iter 150: Train loss 0.057, Learning Rate 5.000e-06, It/sec 0.592, Tokens/sec 291.270, Trained Tokens 75901, Peak mem 6.663 GB
Iter 150: Saved adapter weights to outputs/cycle-3-v3/adapters.safetensors and outputs/cycle-3-v3/0000150_adapters.safetensors.
Iter 160: Train loss 0.050, Learning Rate 5.000e-06, It/sec 0.543, Tokens/sec 289.196, Trained Tokens 81228, Peak mem 6.663 GB
Iter 170: Train loss 0.048, Learning Rate 5.000e-06, It/sec 0.584, Tokens/sec 289.003, Trained Tokens 86175, Peak mem 6.663 GB
Iter 180: Train loss 0.051, Learning Rate 5.000e-06, It/sec 0.570, Tokens/sec 287.115, Trained Tokens 91211, Peak mem 6.663 GB
Iter 190: Train loss 0.050, Learning Rate 5.000e-06, It/sec 0.562, Tokens/sec 288.113, Trained Tokens 96342, Peak mem 6.663 GB

Calculating loss...:   0%|          | 0/25 [00:00<?, ?it/s]
Calculating loss...:   4%|▍         | 1/25 [00:00<00:20,  1.18it/s]
Calculating loss...:   8%|▊         | 2/25 [00:02<00:23,  1.04s/it]
Calculating loss...:  12%|█▏        | 3/25 [00:02<00:20,  1.09it/s]
Calculating loss...:  16%|█▌        | 4/25 [00:03<00:18,  1.16it/s]
Calculating loss...:  20%|██        | 5/25 [00:04<00:19,  1.00it/s]
Calculating loss...:  24%|██▍       | 6/25 [00:05<00:17,  1.06it/s]
Calculating loss...:  28%|██▊       | 7/25 [00:06<00:15,  1.13it/s]
Calculating loss...:  32%|███▏      | 8/25 [00:07<00:15,  1.10it/s]
Calculating loss...:  36%|███▌      | 9/25 [00:08<00:14,  1.09it/s]
Calculating loss...:  40%|████      | 10/25 [00:09<00:13,  1.08it/s]
Calculating loss...:  44%|████▍     | 11/25 [00:10<00:14,  1.00s/it]
Calculating loss...:  48%|████▊     | 12/25 [00:11<00:13,  1.07s/it]
Calculating loss...:  52%|█████▏    | 13/25 [00:12<00:12,  1.05s/it]
Calculating loss...:  56%|█████▌    | 14/25 [00:13<00:10,  1.03it/s]
Calculating loss...:  60%|██████    | 15/25 [00:14<00:09,  1.10it/s]
Calculating loss...:  64%|██████▍   | 16/25 [00:14<00:07,  1.20it/s]
Calculating loss...:  68%|██████▊   | 17/25 [00:16<00:07,  1.07it/s]
Calculating loss...:  72%|███████▏  | 18/25 [00:16<00:06,  1.13it/s]
Calculating loss...:  76%|███████▌  | 19/25 [00:17<00:05,  1.13it/s]
Calculating loss...:  80%|████████  | 20/25 [00:18<00:04,  1.14it/s]
Calculating loss...:  84%|████████▍ | 21/25 [00:19<00:03,  1.23it/s]
Calculating loss...:  88%|████████▊ | 22/25 [00:20<00:02,  1.09it/s]
Calculating loss...:  92%|█████████▏| 23/25 [00:21<00:01,  1.12it/s]
Calculating loss...:  96%|█████████▌| 24/25 [00:22<00:00,  1.14it/s]
Calculating loss...: 100%|██████████| 25/25 [00:23<00:00,  1.11it/s]
Calculating loss...: 100%|██████████| 25/25 [00:23<00:00,  1.09it/s]
Iter 200: Val loss 0.055, Val took 23.021s
Iter 200: Train loss 0.045, Learning Rate 5.000e-06, It/sec 0.550, Tokens/sec 288.924, Trained Tokens 101591, Peak mem 6.663 GB
Iter 200: Saved adapter weights to outputs/cycle-3-v3/adapters.safetensors and outputs/cycle-3-v3/0000200_adapters.safetensors.
Iter 210: Train loss 0.050, Learning Rate 5.000e-06, It/sec 0.565, Tokens/sec 289.682, Trained Tokens 106715, Peak mem 6.663 GB
Iter 220: Train loss 0.054, Learning Rate 5.000e-06, It/sec 0.567, Tokens/sec 288.436, Trained Tokens 111800, Peak mem 6.663 GB
Iter 230: Train loss 0.043, Learning Rate 5.000e-06, It/sec 0.538, Tokens/sec 289.748, Trained Tokens 117183, Peak mem 6.663 GB
Iter 240: Train loss 0.054, Learning Rate 5.000e-06, It/sec 0.617, Tokens/sec 288.148, Trained Tokens 121855, Peak mem 6.663 GB

Calculating loss...:   0%|          | 0/25 [00:00<?, ?it/s]
Calculating loss...:   4%|▍         | 1/25 [00:00<00:18,  1.28it/s]
Calculating loss...:   8%|▊         | 2/25 [00:01<00:19,  1.18it/s]
Calculating loss...:  12%|█▏        | 3/25 [00:02<00:19,  1.12it/s]
Calculating loss...:  16%|█▌        | 4/25 [00:03<00:21,  1.03s/it]
Calculating loss...:  20%|██        | 5/25 [00:04<00:18,  1.07it/s]
Calculating loss...:  24%|██▍       | 6/25 [00:05<00:17,  1.11it/s]
Calculating loss...:  28%|██▊       | 7/25 [00:06<00:18,  1.01s/it]
Calculating loss...:  32%|███▏      | 8/25 [00:07<00:18,  1.06s/it]
Calculating loss...:  36%|███▌      | 9/25 [00:08<00:14,  1.07it/s]
Calculating loss...:  40%|████      | 10/25 [00:09<00:13,  1.13it/s]
Calculating loss...:  44%|████▍     | 11/25 [00:10<00:11,  1.17it/s]
Calculating loss...:  48%|████▊     | 12/25 [00:10<00:10,  1.21it/s]
Calculating loss...:  52%|█████▏    | 13/25 [00:12<00:11,  1.05it/s]
Calculating loss...:  56%|█████▌    | 14/25 [00:12<00:10,  1.09it/s]
Calculating loss...:  60%|██████    | 15/25 [00:14<00:10,  1.01s/it]
Calculating loss...:  64%|██████▍   | 16/25 [00:15<00:08,  1.01it/s]
Calculating loss...:  68%|██████▊   | 17/25 [00:15<00:07,  1.08it/s]
Calculating loss...:  72%|███████▏  | 18/25 [00:16<00:06,  1.07it/s]
Calculating loss...:  76%|███████▌  | 19/25 [00:17<00:05,  1.13it/s]
Calculating loss...:  80%|████████  | 20/25 [00:18<00:04,  1.11it/s]
Calculating loss...:  84%|████████▍ | 21/25 [00:19<00:03,  1.16it/s]
Calculating loss...:  88%|████████▊ | 22/25 [00:20<00:02,  1.13it/s]
Calculating loss...:  92%|█████████▏| 23/25 [00:21<00:01,  1.15it/s]
Calculating loss...:  96%|█████████▌| 24/25 [00:22<00:00,  1.11it/s]
Calculating loss...: 100%|██████████| 25/25 [00:22<00:00,  1.12it/s]
Calculating loss...: 100%|██████████| 25/25 [00:22<00:00,  1.09it/s]
Iter 250: Val loss 0.052, Val took 22.956s
Iter 250: Train loss 0.051, Learning Rate 5.000e-06, It/sec 0.604, Tokens/sec 289.256, Trained Tokens 126644, Peak mem 6.663 GB
Iter 250: Saved adapter weights to outputs/cycle-3-v3/adapters.safetensors and outputs/cycle-3-v3/0000250_adapters.safetensors.
Iter 260: Train loss 0.049, Learning Rate 5.000e-06, It/sec 0.636, Tokens/sec 293.759, Trained Tokens 131261, Peak mem 6.663 GB
Iter 270: Train loss 0.051, Learning Rate 5.000e-06, It/sec 0.661, Tokens/sec 291.973, Trained Tokens 135680, Peak mem 6.663 GB
Iter 280: Train loss 0.048, Learning Rate 5.000e-06, It/sec 0.593, Tokens/sec 288.820, Trained Tokens 140552, Peak mem 6.663 GB
Iter 290: Train loss 0.049, Learning Rate 5.000e-06, It/sec 0.584, Tokens/sec 286.126, Trained Tokens 145452, Peak mem 6.663 GB

Calculating loss...:   0%|          | 0/25 [00:00<?, ?it/s]
Calculating loss...:   4%|▍         | 1/25 [00:01<00:28,  1.19s/it]
Calculating loss...:   8%|▊         | 2/25 [00:01<00:21,  1.05it/s]
Calculating loss...:  12%|█▏        | 3/25 [00:02<00:18,  1.18it/s]
Calculating loss...:  16%|█▌        | 4/25 [00:03<00:18,  1.15it/s]
Calculating loss...:  20%|██        | 5/25 [00:04<00:16,  1.20it/s]
Calculating loss...:  24%|██▍       | 6/25 [00:05<00:15,  1.19it/s]
Calculating loss...:  28%|██▊       | 7/25 [00:06<00:17,  1.06it/s]
Calculating loss...:  32%|███▏      | 8/25 [00:07<00:17,  1.04s/it]
Calculating loss...:  36%|███▌      | 9/25 [00:08<00:16,  1.01s/it]
Calculating loss...:  40%|████      | 10/25 [00:09<00:14,  1.01it/s]
Calculating loss...:  44%|████▍     | 11/25 [00:10<00:12,  1.08it/s]
Calculating loss...:  48%|████▊     | 12/25 [00:11<00:12,  1.07it/s]
Calculating loss...:  52%|█████▏    | 13/25 [00:12<00:12,  1.02s/it]
Calculating loss...:  56%|█████▌    | 14/25 [00:13<00:10,  1.05it/s]
Calculating loss...:  60%|██████    | 15/25 [00:13<00:08,  1.15it/s]
Calculating loss...:  64%|██████▍   | 16/25 [00:14<00:07,  1.16it/s]
Calculating loss...:  68%|██████▊   | 17/25 [00:15<00:07,  1.14it/s]
Calculating loss...:  72%|███████▏  | 18/25 [00:16<00:05,  1.23it/s]
Calculating loss...:  76%|███████▌  | 19/25 [00:17<00:04,  1.24it/s]
Calculating loss...:  80%|████████  | 20/25 [00:18<00:04,  1.18it/s]
Calculating loss...:  84%|████████▍ | 21/25 [00:18<00:03,  1.25it/s]
Calculating loss...:  88%|████████▊ | 22/25 [00:19<00:02,  1.16it/s]
Calculating loss...:  92%|█████████▏| 23/25 [00:20<00:01,  1.19it/s]
Calculating loss...:  96%|█████████▌| 24/25 [00:21<00:00,  1.19it/s]
Calculating loss...: 100%|██████████| 25/25 [00:22<00:00,  1.12it/s]
Calculating loss...: 100%|██████████| 25/25 [00:22<00:00,  1.11it/s]
Iter 300: Val loss 0.059, Val took 22.450s
Iter 300: Train loss 0.044, Learning Rate 5.000e-06, It/sec 0.568, Tokens/sec 286.215, Trained Tokens 150491, Peak mem 6.663 GB
Iter 300: Saved adapter weights to outputs/cycle-3-v3/adapters.safetensors and outputs/cycle-3-v3/0000300_adapters.safetensors.
Iter 310: Train loss 0.056, Learning Rate 5.000e-06, It/sec 0.599, Tokens/sec 284.180, Trained Tokens 155237, Peak mem 6.663 GB
Iter 320: Train loss 0.047, Learning Rate 5.000e-06, It/sec 0.532, Tokens/sec 283.080, Trained Tokens 160562, Peak mem 6.804 GB
Iter 330: Train loss 0.046, Learning Rate 5.000e-06, It/sec 0.571, Tokens/sec 290.836, Trained Tokens 165659, Peak mem 6.804 GB
Iter 340: Train loss 0.048, Learning Rate 5.000e-06, It/sec 0.547, Tokens/sec 289.554, Trained Tokens 170951, Peak mem 6.804 GB

Calculating loss...:   0%|          | 0/25 [00:00<?, ?it/s]
Calculating loss...:   4%|▍         | 1/25 [00:00<00:18,  1.27it/s]
Calculating loss...:   8%|▊         | 2/25 [00:01<00:23,  1.01s/it]
Calculating loss...:  12%|█▏        | 3/25 [00:02<00:20,  1.07it/s]
Calculating loss...:  16%|█▌        | 4/25 [00:03<00:19,  1.07it/s]
Calculating loss...:  20%|██        | 5/25 [00:04<00:18,  1.06it/s]
Calculating loss...:  24%|██▍       | 6/25 [00:05<00:16,  1.13it/s]
Calculating loss...:  28%|██▊       | 7/25 [00:06<00:17,  1.00it/s]
Calculating loss...:  32%|███▏      | 8/25 [00:07<00:15,  1.12it/s]
Calculating loss...:  36%|███▌      | 9/25 [00:08<00:13,  1.21it/s]
Calculating loss...:  40%|████      | 10/25 [00:09<00:14,  1.06it/s]
Calculating loss...:  44%|████▍     | 11/25 [00:10<00:13,  1.06it/s]
Calculating loss...:  48%|████▊     | 12/25 [00:11<00:11,  1.10it/s]
Calculating loss...:  52%|█████▏    | 13/25 [00:12<00:12,  1.01s/it]
Calculating loss...:  56%|█████▌    | 14/25 [00:13<00:10,  1.01it/s]
Calculating loss...:  60%|██████    | 15/25 [00:14<00:09,  1.06it/s]
Calculating loss...:  64%|██████▍   | 16/25 [00:14<00:08,  1.06it/s]
Calculating loss...:  68%|██████▊   | 17/25 [00:15<00:07,  1.06it/s]
Calculating loss...:  72%|███████▏  | 18/25 [00:17<00:07,  1.03s/it]
Calculating loss...:  76%|███████▌  | 19/25 [00:17<00:05,  1.05it/s]
Calculating loss...:  80%|████████  | 20/25 [00:19<00:05,  1.02s/it]
Calculating loss...:  84%|████████▍ | 21/25 [00:19<00:03,  1.04it/s]
Calculating loss...:  88%|████████▊ | 22/25 [00:20<00:02,  1.10it/s]
Calculating loss...:  92%|█████████▏| 23/25 [00:21<00:02,  1.00s/it]
Calculating loss...:  96%|█████████▌| 24/25 [00:22<00:00,  1.01it/s]
Calculating loss...: 100%|██████████| 25/25 [00:24<00:00,  1.06s/it]
Calculating loss...: 100%|██████████| 25/25 [00:24<00:00,  1.04it/s]
Iter 350: Val loss 0.054, Val took 24.111s
Iter 350: Train loss 0.045, Learning Rate 5.000e-06, It/sec 0.556, Tokens/sec 286.214, Trained Tokens 176102, Peak mem 6.804 GB
Iter 350: Saved adapter weights to outputs/cycle-3-v3/adapters.safetensors and outputs/cycle-3-v3/0000350_adapters.safetensors.
Iter 360: Train loss 0.048, Learning Rate 5.000e-06, It/sec 0.595, Tokens/sec 292.362, Trained Tokens 181016, Peak mem 6.804 GB
Iter 370: Train loss 0.049, Learning Rate 5.000e-06, It/sec 0.572, Tokens/sec 289.121, Trained Tokens 186072, Peak mem 6.804 GB
Iter 380: Train loss 0.049, Learning Rate 5.000e-06, It/sec 0.590, Tokens/sec 287.993, Trained Tokens 190951, Peak mem 6.804 GB
Iter 390: Train loss 0.046, Learning Rate 5.000e-06, It/sec 0.565, Tokens/sec 289.527, Trained Tokens 196073, Peak mem 6.804 GB

Calculating loss...:   0%|          | 0/25 [00:00<?, ?it/s]
Calculating loss...:   4%|▍         | 1/25 [00:00<00:20,  1.18it/s]
Calculating loss...:   8%|▊         | 2/25 [00:01<00:17,  1.34it/s]
Calculating loss...:  12%|█▏        | 3/25 [00:02<00:18,  1.19it/s]
Calculating loss...:  16%|█▌        | 4/25 [00:03<00:18,  1.16it/s]
Calculating loss...:  20%|██        | 5/25 [00:04<00:19,  1.01it/s]
Calculating loss...:  24%|██▍       | 6/25 [00:05<00:17,  1.06it/s]
Calculating loss...:  28%|██▊       | 7/25 [00:06<00:16,  1.06it/s]
Calculating loss...:  32%|███▏      | 8/25 [00:07<00:15,  1.06it/s]
Calculating loss...:  36%|███▌      | 9/25 [00:08<00:14,  1.08it/s]
Calculating loss...:  40%|████      | 10/25 [00:09<00:13,  1.11it/s]
Calculating loss...:  44%|████▍     | 11/25 [00:10<00:12,  1.09it/s]
Calculating loss...:  48%|████▊     | 12/25 [00:10<00:11,  1.14it/s]
Calculating loss...:  52%|█████▏    | 13/25 [00:11<00:10,  1.16it/s]
Calculating loss...:  56%|█████▌    | 14/25 [00:12<00:09,  1.17it/s]
Calculating loss...:  60%|██████    | 15/25 [00:13<00:09,  1.05it/s]
Calculating loss...:  64%|██████▍   | 16/25 [00:14<00:09,  1.02s/it]
Calculating loss...:  68%|██████▊   | 17/25 [00:15<00:07,  1.06it/s]
Calculating loss...:  72%|███████▏  | 18/25 [00:16<00:06,  1.08it/s]
Calculating loss...:  76%|███████▌  | 19/25 [00:17<00:05,  1.13it/s]
Calculating loss...:  80%|████████  | 20/25 [00:18<00:04,  1.01it/s]
Calculating loss...:  84%|████████▍ | 21/25 [00:19<00:03,  1.12it/s]
Calculating loss...:  88%|████████▊ | 22/25 [00:20<00:02,  1.10it/s]
Calculating loss...:  92%|█████████▏| 23/25 [00:21<00:01,  1.09it/s]
Calculating loss...:  96%|█████████▌| 24/25 [00:22<00:00,  1.00it/s]
Calculating loss...: 100%|██████████| 25/25 [00:23<00:00,  1.02it/s]
Calculating loss...: 100%|██████████| 25/25 [00:23<00:00,  1.08it/s]
Iter 400: Val loss 0.054, Val took 23.176s
Iter 400: Train loss 0.046, Learning Rate 5.000e-06, It/sec 0.565, Tokens/sec 288.277, Trained Tokens 201172, Peak mem 6.804 GB
Iter 400: Saved adapter weights to outputs/cycle-3-v3/adapters.safetensors and outputs/cycle-3-v3/0000400_adapters.safetensors.
Iter 410: Train loss 0.044, Learning Rate 5.000e-06, It/sec 0.572, Tokens/sec 289.553, Trained Tokens 206237, Peak mem 6.804 GB
Iter 420: Train loss 0.053, Learning Rate 5.000e-06, It/sec 0.568, Tokens/sec 289.257, Trained Tokens 211326, Peak mem 6.804 GB
Iter 430: Train loss 0.056, Learning Rate 5.000e-06, It/sec 0.602, Tokens/sec 288.996, Trained Tokens 216127, Peak mem 6.804 GB
Iter 440: Train loss 0.045, Learning Rate 5.000e-06, It/sec 0.589, Tokens/sec 288.486, Trained Tokens 221024, Peak mem 6.804 GB

Calculating loss...:   0%|          | 0/25 [00:00<?, ?it/s]
Calculating loss...:   4%|▍         | 1/25 [00:00<00:22,  1.06it/s]
Calculating loss...:   8%|▊         | 2/25 [00:01<00:22,  1.02it/s]
Calculating loss...:  12%|█▏        | 3/25 [00:02<00:20,  1.06it/s]
Calculating loss...:  16%|█▌        | 4/25 [00:03<00:19,  1.06it/s]
Calculating loss...:  20%|██        | 5/25 [00:04<00:18,  1.11it/s]
Calculating loss...:  24%|██▍       | 6/25 [00:05<00:17,  1.06it/s]
Calculating loss...:  28%|██▊       | 7/25 [00:06<00:16,  1.06it/s]
Calculating loss...:  32%|███▏      | 8/25 [00:07<00:15,  1.12it/s]
Calculating loss...:  36%|███▌      | 9/25 [00:08<00:16,  1.02s/it]
Calculating loss...:  40%|████      | 10/25 [00:09<00:14,  1.04it/s]
Calculating loss...:  44%|████▍     | 11/25 [00:10<00:12,  1.15it/s]
Calculating loss...:  48%|████▊     | 12/25 [00:11<00:11,  1.14it/s]
Calculating loss...:  52%|█████▏    | 13/25 [00:11<00:09,  1.23it/s]
Calculating loss...:  56%|█████▌    | 14/25 [00:12<00:10,  1.09it/s]
Calculating loss...:  60%|██████    | 15/25 [00:13<00:08,  1.12it/s]
Calculating loss...:  64%|██████▍   | 16/25 [00:14<00:07,  1.21it/s]
Calculating loss...:  68%|██████▊   | 17/25 [00:15<00:06,  1.24it/s]
Calculating loss...:  72%|███████▏  | 18/25 [00:16<00:05,  1.18it/s]
Calculating loss...:  76%|███████▌  | 19/25 [00:17<00:05,  1.14it/s]
Calculating loss...:  80%|████████  | 20/25 [00:18<00:04,  1.01it/s]
Calculating loss...:  84%|████████▍ | 21/25 [00:19<00:03,  1.03it/s]
Calculating loss...:  88%|████████▊ | 22/25 [00:20<00:02,  1.07it/s]
Calculating loss...:  92%|█████████▏| 23/25 [00:20<00:01,  1.13it/s]
Calculating loss...:  96%|█████████▌| 24/25 [00:21<00:00,  1.15it/s]
Calculating loss...: 100%|██████████| 25/25 [00:22<00:00,  1.19it/s]
Calculating loss...: 100%|██████████| 25/25 [00:22<00:00,  1.11it/s]
Iter 450: Val loss 0.050, Val took 22.450s
Iter 450: Train loss 0.049, Learning Rate 5.000e-06, It/sec 0.608, Tokens/sec 289.938, Trained Tokens 225792, Peak mem 6.804 GB
Iter 450: Saved adapter weights to outputs/cycle-3-v3/adapters.safetensors and outputs/cycle-3-v3/0000450_adapters.safetensors.
Iter 460: Train loss 0.047, Learning Rate 5.000e-06, It/sec 0.575, Tokens/sec 289.497, Trained Tokens 230827, Peak mem 6.804 GB

Calculating loss...:   0%|          | 0/25 [00:00<?, ?it/s]
Calculating loss...:   4%|▍         | 1/25 [00:00<00:18,  1.28it/s]
Calculating loss...:   8%|▊         | 2/25 [00:01<00:20,  1.14it/s]
Calculating loss...:  12%|█▏        | 3/25 [00:02<00:20,  1.09it/s]
Calculating loss...:  16%|█▌        | 4/25 [00:03<00:19,  1.08it/s]
Calculating loss...:  20%|██        | 5/25 [00:04<00:17,  1.12it/s]
Calculating loss...:  24%|██▍       | 6/25 [00:05<00:18,  1.01it/s]
Calculating loss...:  28%|██▊       | 7/25 [00:06<00:16,  1.07it/s]
Calculating loss...:  32%|███▏      | 8/25 [00:07<00:17,  1.03s/it]
Calculating loss...:  36%|███▌      | 9/25 [00:08<00:16,  1.00s/it]
Calculating loss...:  40%|████      | 10/25 [00:09<00:14,  1.05it/s]
Calculating loss...:  44%|████▍     | 11/25 [00:10<00:12,  1.09it/s]
Calculating loss...:  48%|████▊     | 12/25 [00:11<00:12,  1.08it/s]
Calculating loss...:  52%|█████▏    | 13/25 [00:12<00:10,  1.09it/s]
Calculating loss...:  56%|█████▌    | 14/25 [00:13<00:10,  1.08it/s]
Calculating loss...:  60%|██████    | 15/25 [00:13<00:08,  1.18it/s]
Calculating loss...:  64%|██████▍   | 16/25 [00:14<00:07,  1.14it/s]
Calculating loss...:  68%|██████▊   | 17/25 [00:15<00:06,  1.16it/s]
Calculating loss...:  72%|███████▏  | 18/25 [00:16<00:05,  1.17it/s]
Calculating loss...:  76%|███████▌  | 19/25 [00:17<00:04,  1.20it/s]
Calculating loss...:  80%|████████  | 20/25 [00:17<00:04,  1.20it/s]
Calculating loss...:  84%|████████▍ | 21/25 [00:18<00:03,  1.23it/s]
Calculating loss...:  88%|████████▊ | 22/25 [00:19<00:02,  1.25it/s]
Calculating loss...:  92%|█████████▏| 23/25 [00:20<00:01,  1.21it/s]
Calculating loss...:  96%|█████████▌| 24/25 [00:21<00:00,  1.23it/s]
Calculating loss...: 100%|██████████| 25/25 [00:21<00:00,  1.30it/s]
Calculating loss...: 100%|██████████| 25/25 [00:21<00:00,  1.14it/s]
Iter 466: Val loss 0.053, Val took 21.880s
Iter 466: Train loss 0.039, Learning Rate 5.000e-06, It/sec 0.794, Tokens/sec 289.909, Trained Tokens 234480, Peak mem 6.804 GB
Saved final weights to outputs/cycle-3-v3/adapters.safetensors.
