Loading configuration file outputs/cycle-1/train_config.yaml
Loading pretrained model

Fetching 6 files:   0%|          | 0/6 [00:00<?, ?it/s]
Fetching 6 files: 100%|██████████| 6/6 [00:00<00:00, 38716.65it/s]
Loading datasets
Training
Trainable parameters: 0.432% (13.894M/3212.750M)
Starting training..., iters: 200

Calculating loss...:   0%|          | 0/25 [00:00<?, ?it/s]
Calculating loss...:   4%|▍         | 1/25 [00:01<00:34,  1.42s/it]
Calculating loss...:   8%|▊         | 2/25 [00:02<00:24,  1.08s/it]
Calculating loss...:  12%|█▏        | 3/25 [00:03<00:20,  1.06it/s]
Calculating loss...:  16%|█▌        | 4/25 [00:03<00:18,  1.14it/s]
Calculating loss...:  20%|██        | 5/25 [00:04<00:18,  1.10it/s]
Calculating loss...:  24%|██▍       | 6/25 [00:05<00:16,  1.16it/s]
Calculating loss...:  28%|██▊       | 7/25 [00:06<00:14,  1.22it/s]
Calculating loss...:  32%|███▏      | 8/25 [00:06<00:13,  1.27it/s]
Calculating loss...:  36%|███▌      | 9/25 [00:07<00:13,  1.20it/s]
Calculating loss...:  40%|████      | 10/25 [00:08<00:11,  1.27it/s]
Calculating loss...:  44%|████▍     | 11/25 [00:09<00:11,  1.22it/s]
Calculating loss...:  48%|████▊     | 12/25 [00:10<00:10,  1.29it/s]
Calculating loss...:  52%|█████▏    | 13/25 [00:11<00:10,  1.11it/s]
Calculating loss...:  56%|█████▌    | 14/25 [00:12<00:09,  1.20it/s]
Calculating loss...:  60%|██████    | 15/25 [00:12<00:08,  1.20it/s]
Calculating loss...:  64%|██████▍   | 16/25 [00:13<00:07,  1.20it/s]
Calculating loss...:  68%|██████▊   | 17/25 [00:14<00:06,  1.27it/s]
Calculating loss...:  72%|███████▏  | 18/25 [00:15<00:05,  1.22it/s]
Calculating loss...:  76%|███████▌  | 19/25 [00:16<00:04,  1.21it/s]
Calculating loss...:  80%|████████  | 20/25 [00:17<00:04,  1.09it/s]
Calculating loss...:  84%|████████▍ | 21/25 [00:18<00:03,  1.04it/s]
Calculating loss...:  88%|████████▊ | 22/25 [00:19<00:02,  1.04it/s]
Calculating loss...:  92%|█████████▏| 23/25 [00:19<00:01,  1.14it/s]
Calculating loss...:  96%|█████████▌| 24/25 [00:20<00:00,  1.13it/s]
Calculating loss...: 100%|██████████| 25/25 [00:21<00:00,  1.11it/s]
Calculating loss...: 100%|██████████| 25/25 [00:21<00:00,  1.15it/s]
Iter 1: Val loss 3.042, Val took 21.825s
Iter 10: Train loss 3.134, Learning Rate 3.000e-05, It/sec 0.607, Tokens/sec 273.841, Trained Tokens 4513, Peak mem 6.022 GB
Iter 20: Train loss 2.753, Learning Rate 3.000e-05, It/sec 0.558, Tokens/sec 277.485, Trained Tokens 9486, Peak mem 6.022 GB
Iter 30: Train loss 2.522, Learning Rate 3.000e-05, It/sec 0.622, Tokens/sec 284.231, Trained Tokens 14058, Peak mem 6.022 GB
Iter 40: Train loss 2.058, Learning Rate 3.000e-05, It/sec 0.604, Tokens/sec 286.442, Trained Tokens 18803, Peak mem 6.022 GB

Calculating loss...:   0%|          | 0/25 [00:00<?, ?it/s]
Calculating loss...:   4%|▍         | 1/25 [00:01<00:28,  1.20s/it]
Calculating loss...:   8%|▊         | 2/25 [00:02<00:26,  1.15s/it]
Calculating loss...:  12%|█▏        | 3/25 [00:03<00:23,  1.09s/it]
Calculating loss...:  16%|█▌        | 4/25 [00:04<00:24,  1.15s/it]
Calculating loss...:  20%|██        | 5/25 [00:05<00:19,  1.00it/s]
Calculating loss...:  24%|██▍       | 6/25 [00:06<00:19,  1.00s/it]
Calculating loss...:  28%|██▊       | 7/25 [00:06<00:16,  1.12it/s]
Calculating loss...:  32%|███▏      | 8/25 [00:07<00:15,  1.09it/s]
Calculating loss...:  36%|███▌      | 9/25 [00:08<00:13,  1.19it/s]
Calculating loss...:  40%|████      | 10/25 [00:09<00:12,  1.21it/s]
Calculating loss...:  44%|████▍     | 11/25 [00:10<00:11,  1.26it/s]
Calculating loss...:  48%|████▊     | 12/25 [00:11<00:10,  1.18it/s]
Calculating loss...:  52%|█████▏    | 13/25 [00:12<00:10,  1.14it/s]
Calculating loss...:  56%|█████▌    | 14/25 [00:12<00:08,  1.23it/s]
Calculating loss...:  60%|██████    | 15/25 [00:13<00:08,  1.19it/s]
Calculating loss...:  64%|██████▍   | 16/25 [00:14<00:07,  1.14it/s]
Calculating loss...:  68%|██████▊   | 17/25 [00:15<00:06,  1.22it/s]
Calculating loss...:  72%|███████▏  | 18/25 [00:16<00:05,  1.21it/s]
Calculating loss...:  76%|███████▌  | 19/25 [00:16<00:04,  1.28it/s]
Calculating loss...:  80%|████████  | 20/25 [00:17<00:03,  1.33it/s]
Calculating loss...:  84%|████████▍ | 21/25 [00:18<00:02,  1.36it/s]
Calculating loss...:  88%|████████▊ | 22/25 [00:19<00:02,  1.27it/s]
Calculating loss...:  92%|█████████▏| 23/25 [00:20<00:01,  1.19it/s]
Calculating loss...:  96%|█████████▌| 24/25 [00:20<00:00,  1.19it/s]
Calculating loss...: 100%|██████████| 25/25 [00:21<00:00,  1.16it/s]
Calculating loss...: 100%|██████████| 25/25 [00:21<00:00,  1.15it/s]
Iter 50: Val loss 1.601, Val took 21.808s
Iter 50: Train loss 1.770, Learning Rate 3.000e-05, It/sec 0.537, Tokens/sec 282.856, Trained Tokens 24071, Peak mem 6.022 GB
Iter 50: Saved adapter weights to outputs/cycle-1/adapters.safetensors and outputs/cycle-1/0000050_adapters.safetensors.
Iter 60: Train loss 1.721, Learning Rate 3.000e-05, It/sec 0.544, Tokens/sec 281.361, Trained Tokens 29240, Peak mem 6.364 GB
Iter 70: Train loss 1.479, Learning Rate 3.000e-05, It/sec 0.675, Tokens/sec 286.609, Trained Tokens 33486, Peak mem 6.364 GB
Iter 80: Train loss 1.410, Learning Rate 3.000e-05, It/sec 0.611, Tokens/sec 283.104, Trained Tokens 38117, Peak mem 6.364 GB
Iter 90: Train loss 1.244, Learning Rate 3.000e-05, It/sec 0.576, Tokens/sec 283.315, Trained Tokens 43032, Peak mem 6.364 GB

Calculating loss...:   0%|          | 0/25 [00:00<?, ?it/s]
Calculating loss...:   4%|▍         | 1/25 [00:00<00:21,  1.11it/s]
Calculating loss...:   8%|▊         | 2/25 [00:01<00:20,  1.11it/s]
Calculating loss...:  12%|█▏        | 3/25 [00:02<00:20,  1.08it/s]
Calculating loss...:  16%|█▌        | 4/25 [00:03<00:19,  1.06it/s]
Calculating loss...:  20%|██        | 5/25 [00:04<00:18,  1.08it/s]
Calculating loss...:  24%|██▍       | 6/25 [00:05<00:17,  1.09it/s]
Calculating loss...:  28%|██▊       | 7/25 [00:06<00:18,  1.03s/it]
Calculating loss...:  32%|███▏      | 8/25 [00:07<00:16,  1.04it/s]
Calculating loss...:  36%|███▌      | 9/25 [00:09<00:17,  1.12s/it]
Calculating loss...:  40%|████      | 10/25 [00:09<00:15,  1.06s/it]
Calculating loss...:  44%|████▍     | 11/25 [00:11<00:14,  1.05s/it]
Calculating loss...:  48%|████▊     | 12/25 [00:11<00:13,  1.02s/it]
Calculating loss...:  52%|█████▏    | 13/25 [00:12<00:12,  1.01s/it]
Calculating loss...:  56%|█████▌    | 14/25 [00:13<00:09,  1.10it/s]
Calculating loss...:  60%|██████    | 15/25 [00:14<00:08,  1.18it/s]
Calculating loss...:  64%|██████▍   | 16/25 [00:15<00:07,  1.23it/s]
Calculating loss...:  68%|██████▊   | 17/25 [00:15<00:06,  1.30it/s]
Calculating loss...:  72%|███████▏  | 18/25 [00:16<00:05,  1.36it/s]
Calculating loss...:  76%|███████▌  | 19/25 [00:17<00:05,  1.18it/s]
Calculating loss...:  80%|████████  | 20/25 [00:18<00:04,  1.14it/s]
Calculating loss...:  84%|████████▍ | 21/25 [00:19<00:03,  1.18it/s]
Calculating loss...:  88%|████████▊ | 22/25 [00:19<00:02,  1.25it/s]
Calculating loss...:  92%|█████████▏| 23/25 [00:20<00:01,  1.32it/s]
Calculating loss...:  96%|█████████▌| 24/25 [00:21<00:00,  1.33it/s]
Calculating loss...: 100%|██████████| 25/25 [00:21<00:00,  1.37it/s]
Calculating loss...: 100%|██████████| 25/25 [00:21<00:00,  1.14it/s]
Iter 100: Val loss 1.009, Val took 22.001s
Iter 100: Train loss 1.265, Learning Rate 3.000e-05, It/sec 0.607, Tokens/sec 283.714, Trained Tokens 47706, Peak mem 6.364 GB
Iter 100: Saved adapter weights to outputs/cycle-1/adapters.safetensors and outputs/cycle-1/0000100_adapters.safetensors.
Iter 110: Train loss 1.120, Learning Rate 3.000e-05, It/sec 0.567, Tokens/sec 281.736, Trained Tokens 52674, Peak mem 6.364 GB
Iter 120: Train loss 0.862, Learning Rate 3.000e-05, It/sec 0.593, Tokens/sec 281.277, Trained Tokens 57421, Peak mem 6.364 GB
Iter 130: Train loss 0.976, Learning Rate 3.000e-05, It/sec 0.612, Tokens/sec 283.869, Trained Tokens 62061, Peak mem 6.364 GB
Iter 140: Train loss 0.685, Learning Rate 3.000e-05, It/sec 0.575, Tokens/sec 278.897, Trained Tokens 66914, Peak mem 6.364 GB

Calculating loss...:   0%|          | 0/25 [00:00<?, ?it/s]
Calculating loss...:   4%|▍         | 1/25 [00:00<00:17,  1.35it/s]
Calculating loss...:   8%|▊         | 2/25 [00:01<00:16,  1.43it/s]
Calculating loss...:  12%|█▏        | 3/25 [00:02<00:16,  1.31it/s]
Calculating loss...:  16%|█▌        | 4/25 [00:02<00:15,  1.37it/s]
Calculating loss...:  20%|██        | 5/25 [00:03<00:16,  1.24it/s]
Calculating loss...:  24%|██▍       | 6/25 [00:04<00:17,  1.11it/s]
Calculating loss...:  28%|██▊       | 7/25 [00:05<00:15,  1.18it/s]
Calculating loss...:  32%|███▏      | 8/25 [00:06<00:14,  1.15it/s]
Calculating loss...:  36%|███▌      | 9/25 [00:07<00:14,  1.08it/s]
Calculating loss...:  40%|████      | 10/25 [00:08<00:14,  1.07it/s]
Calculating loss...:  44%|████▍     | 11/25 [00:09<00:12,  1.16it/s]
Calculating loss...:  48%|████▊     | 12/25 [00:10<00:10,  1.22it/s]
Calculating loss...:  52%|█████▏    | 13/25 [00:11<00:11,  1.08it/s]
Calculating loss...:  56%|█████▌    | 14/25 [00:11<00:09,  1.18it/s]
Calculating loss...:  60%|██████    | 15/25 [00:13<00:09,  1.03it/s]
Calculating loss...:  64%|██████▍   | 16/25 [00:13<00:07,  1.14it/s]
Calculating loss...:  68%|██████▊   | 17/25 [00:14<00:06,  1.21it/s]
Calculating loss...:  72%|███████▏  | 18/25 [00:15<00:06,  1.08it/s]
Calculating loss...:  76%|███████▌  | 19/25 [00:16<00:05,  1.13it/s]
Calculating loss...:  80%|████████  | 20/25 [00:17<00:04,  1.12it/s]
Calculating loss...:  84%|████████▍ | 21/25 [00:18<00:03,  1.06it/s]
Calculating loss...:  88%|████████▊ | 22/25 [00:19<00:02,  1.16it/s]
Calculating loss...:  92%|█████████▏| 23/25 [00:20<00:01,  1.03it/s]
Calculating loss...:  96%|█████████▌| 24/25 [00:21<00:00,  1.06it/s]
Calculating loss...: 100%|██████████| 25/25 [00:22<00:00,  1.08it/s]
Calculating loss...: 100%|██████████| 25/25 [00:22<00:00,  1.13it/s]
Iter 150: Val loss 0.654, Val took 22.096s
Iter 150: Train loss 0.564, Learning Rate 3.000e-05, It/sec 0.614, Tokens/sec 284.991, Trained Tokens 71556, Peak mem 6.364 GB
Iter 150: Saved adapter weights to outputs/cycle-1/adapters.safetensors and outputs/cycle-1/0000150_adapters.safetensors.
Iter 160: Train loss 0.719, Learning Rate 3.000e-05, It/sec 0.575, Tokens/sec 275.791, Trained Tokens 76352, Peak mem 6.364 GB
Iter 170: Train loss 0.594, Learning Rate 3.000e-05, It/sec 0.599, Tokens/sec 282.965, Trained Tokens 81075, Peak mem 6.364 GB
Iter 180: Train loss 0.532, Learning Rate 3.000e-05, It/sec 0.579, Tokens/sec 281.881, Trained Tokens 85945, Peak mem 6.364 GB
Iter 190: Train loss 0.492, Learning Rate 3.000e-05, It/sec 0.644, Tokens/sec 282.248, Trained Tokens 90331, Peak mem 6.364 GB

Calculating loss...:   0%|          | 0/25 [00:00<?, ?it/s]
Calculating loss...:   4%|▍         | 1/25 [00:00<00:17,  1.35it/s]
Calculating loss...:   8%|▊         | 2/25 [00:01<00:20,  1.14it/s]
Calculating loss...:  12%|█▏        | 3/25 [00:02<00:19,  1.13it/s]
Calculating loss...:  16%|█▌        | 4/25 [00:03<00:17,  1.18it/s]
Calculating loss...:  20%|██        | 5/25 [00:04<00:16,  1.25it/s]
Calculating loss...:  24%|██▍       | 6/25 [00:04<00:14,  1.29it/s]
Calculating loss...:  28%|██▊       | 7/25 [00:06<00:16,  1.07it/s]
Calculating loss...:  32%|███▏      | 8/25 [00:06<00:15,  1.10it/s]
Calculating loss...:  36%|███▌      | 9/25 [00:07<00:14,  1.09it/s]
Calculating loss...:  40%|████      | 10/25 [00:08<00:13,  1.08it/s]
Calculating loss...:  44%|████▍     | 11/25 [00:09<00:11,  1.17it/s]
Calculating loss...:  48%|████▊     | 12/25 [00:10<00:10,  1.23it/s]
Calculating loss...:  52%|█████▏    | 13/25 [00:10<00:09,  1.30it/s]
Calculating loss...:  56%|█████▌    | 14/25 [00:12<00:10,  1.10it/s]
Calculating loss...:  60%|██████    | 15/25 [00:12<00:08,  1.16it/s]
Calculating loss...:  64%|██████▍   | 16/25 [00:13<00:07,  1.19it/s]
Calculating loss...:  68%|██████▊   | 17/25 [00:14<00:07,  1.06it/s]
Calculating loss...:  72%|███████▏  | 18/25 [00:15<00:06,  1.16it/s]
Calculating loss...:  76%|███████▌  | 19/25 [00:16<00:05,  1.11it/s]
Calculating loss...:  80%|████████  | 20/25 [00:17<00:04,  1.09it/s]
Calculating loss...:  84%|████████▍ | 21/25 [00:18<00:03,  1.00it/s]
Calculating loss...:  88%|████████▊ | 22/25 [00:19<00:02,  1.11it/s]
Calculating loss...:  92%|█████████▏| 23/25 [00:20<00:01,  1.08it/s]
Calculating loss...:  96%|█████████▌| 24/25 [00:21<00:00,  1.03it/s]
Calculating loss...: 100%|██████████| 25/25 [00:22<00:00,  1.05it/s]
Calculating loss...: 100%|██████████| 25/25 [00:22<00:00,  1.12it/s]
Iter 200: Val loss 0.449, Val took 22.342s
Iter 200: Train loss 0.391, Learning Rate 3.000e-05, It/sec 0.614, Tokens/sec 285.753, Trained Tokens 94988, Peak mem 6.364 GB
Iter 200: Saved adapter weights to outputs/cycle-1/adapters.safetensors and outputs/cycle-1/0000200_adapters.safetensors.
Saved final weights to outputs/cycle-1/adapters.safetensors.
